<?xml version="1.0" encoding="utf-8"?>
<CoverageSession xmlns:xsd="http://www.w3.org/2001/XMLSchema" xmlns:xsi="http://www.w3.org/2001/XMLSchema-instance" Version="0.0.0.0">
  <Summary numSequencePoints="1611" visitedSequencePoints="1128" numBranchPoints="0" visitedBranchPoints="0" sequenceCoverage="70.02" branchCoverage="0.0" maxCyclomaticComplexity="0" minCyclomaticComplexity="0" maxCrapScore="0" minCrapScore="0" visitedClasses="46" numClasses="46" visitedMethods="184" numMethods="184" />
  <Modules>
    <Module>
      <Summary numSequencePoints="79" visitedSequencePoints="73" numBranchPoints="0" visitedBranchPoints="0" sequenceCoverage="92.41" branchCoverage="0.0" maxCyclomaticComplexity="0" minCyclomaticComplexity="0" maxCrapScore="0" minCrapScore="0" visitedClasses="8" numClasses="8" visitedMethods="10" numMethods="10" />
      <ModuleTime>0001-01-01T00:00:00</ModuleTime>
      <ModuleName>ACTk.Runtime</ModuleName>
      <Files>
        <File uid="105" fullPath="C:/Users/asahan/Desktop/Clicker-master/onethesoft/GodOfArcher/GodOfArcher/Assets/Plugins/CodeStage/AntiCheatToolkit/Runtime/Scripts/Utils/AppEventsDispatcher.cs" />
        <File uid="106" fullPath="C:/Users/asahan/Desktop/Clicker-master/onethesoft/GodOfArcher/GodOfArcher/Assets/Plugins/CodeStage/AntiCheatToolkit/Runtime/Scripts/Utils/Base64Utils.cs" />
        <File uid="107" fullPath="C:/Users/asahan/Desktop/Clicker-master/onethesoft/GodOfArcher/GodOfArcher/Assets/Plugins/CodeStage/AntiCheatToolkit/Runtime/Scripts/Utils/CryptoUtils.cs" />
        <File uid="108" fullPath="C:/Users/asahan/Desktop/Clicker-master/onethesoft/GodOfArcher/GodOfArcher/Assets/Plugins/CodeStage/AntiCheatToolkit/Runtime/Scripts/Utils/NonValidatingCertificateHandler.cs" />
        <File uid="109" fullPath="C:/Users/asahan/Desktop/Clicker-master/onethesoft/GodOfArcher/GodOfArcher/Assets/Plugins/CodeStage/AntiCheatToolkit/Runtime/Scripts/Utils/RandomUtils.cs" />
        <File uid="110" fullPath="C:/Users/asahan/Desktop/Clicker-master/onethesoft/GodOfArcher/GodOfArcher/Assets/Plugins/CodeStage/AntiCheatToolkit/Runtime/Scripts/Utils/StringUtils.cs" />
        <File uid="111" fullPath="C:/Users/asahan/Desktop/Clicker-master/onethesoft/GodOfArcher/GodOfArcher/Assets/Plugins/CodeStage/AntiCheatToolkit/Runtime/Scripts/Utils/ThreadSafeRandom.cs" />
        <File uid="112" fullPath="C:/Users/asahan/Desktop/Clicker-master/onethesoft/GodOfArcher/GodOfArcher/Assets/Plugins/CodeStage/AntiCheatToolkit/Runtime/Scripts/Utils/TimeUtils.cs" />
        <File uid="113" fullPath="C:/Users/asahan/Desktop/Clicker-master/onethesoft/GodOfArcher/GodOfArcher/Assets/Plugins/CodeStage/AntiCheatToolkit/Runtime/Scripts/Utils/xxHash.cs" />
        <File uid="114" fullPath="C:/Users/asahan/Desktop/Clicker-master/onethesoft/GodOfArcher/GodOfArcher/Assets/Plugins/CodeStage/AntiCheatToolkit/Runtime/Scripts/Time/SpeedHackProofTime.cs" />
        <File uid="115" fullPath="C:/Users/asahan/Desktop/Clicker-master/onethesoft/GodOfArcher/GodOfArcher/Assets/Plugins/CodeStage/AntiCheatToolkit/Runtime/Scripts/Storage/Data/ObscuredPrefsData.cs" />
        <File uid="116" fullPath="C:/Users/asahan/Desktop/Clicker-master/onethesoft/GodOfArcher/GodOfArcher/Assets/Plugins/CodeStage/AntiCheatToolkit/Runtime/Scripts/Storage/Data/StorageDataConverter.cs" />
        <File uid="117" fullPath="C:/Users/asahan/Desktop/Clicker-master/onethesoft/GodOfArcher/GodOfArcher/Assets/Plugins/CodeStage/AntiCheatToolkit/Runtime/Scripts/Storage/Data/StorageDataTypeClassifier.cs" />
        <File uid="118" fullPath="C:/Users/asahan/Desktop/Clicker-master/onethesoft/GodOfArcher/GodOfArcher/Assets/Plugins/CodeStage/AntiCheatToolkit/Runtime/Scripts/Storage/Data/UnsupportedDataTypeException.cs" />
        <File uid="119" fullPath="C:/Users/asahan/Desktop/Clicker-master/onethesoft/GodOfArcher/GodOfArcher/Assets/Plugins/CodeStage/AntiCheatToolkit/Runtime/Scripts/Storage/DeviceLock/DeviceIdHolder.cs" />
        <File uid="120" fullPath="C:/Users/asahan/Desktop/Clicker-master/onethesoft/GodOfArcher/GodOfArcher/Assets/Plugins/CodeStage/AntiCheatToolkit/Runtime/Scripts/Storage/DeviceLock/DeviceLockSettings.cs" />
        <File uid="121" fullPath="C:/Users/asahan/Desktop/Clicker-master/onethesoft/GodOfArcher/GodOfArcher/Assets/Plugins/CodeStage/AntiCheatToolkit/Runtime/Scripts/Storage/Exceptions/DeviceUniqueIdentifierException.cs" />
        <File uid="122" fullPath="C:/Users/asahan/Desktop/Clicker-master/onethesoft/GodOfArcher/GodOfArcher/Assets/Plugins/CodeStage/AntiCheatToolkit/Runtime/Scripts/Storage/Exceptions/PersistentDataPathException.cs" />
        <File uid="123" fullPath="C:/Users/asahan/Desktop/Clicker-master/onethesoft/GodOfArcher/GodOfArcher/Assets/Plugins/CodeStage/AntiCheatToolkit/Runtime/Scripts/Storage/File/ObscuredFile.cs" />
        <File uid="124" fullPath="C:/Users/asahan/Desktop/Clicker-master/onethesoft/GodOfArcher/GodOfArcher/Assets/Plugins/CodeStage/AntiCheatToolkit/Runtime/Scripts/Storage/File/ObscuredFileCrypto.cs" />
        <File uid="125" fullPath="C:/Users/asahan/Desktop/Clicker-master/onethesoft/GodOfArcher/GodOfArcher/Assets/Plugins/CodeStage/AntiCheatToolkit/Runtime/Scripts/Storage/File/ObscuredFileHeader.cs" />
        <File uid="126" fullPath="C:/Users/asahan/Desktop/Clicker-master/onethesoft/GodOfArcher/GodOfArcher/Assets/Plugins/CodeStage/AntiCheatToolkit/Runtime/Scripts/Storage/File/OperationResults/ObscuredFileError.cs" />
        <File uid="127" fullPath="C:/Users/asahan/Desktop/Clicker-master/onethesoft/GodOfArcher/GodOfArcher/Assets/Plugins/CodeStage/AntiCheatToolkit/Runtime/Scripts/Storage/File/OperationResults/ObscuredFileReadResult.cs" />
        <File uid="128" fullPath="C:/Users/asahan/Desktop/Clicker-master/onethesoft/GodOfArcher/GodOfArcher/Assets/Plugins/CodeStage/AntiCheatToolkit/Runtime/Scripts/Storage/File/OperationResults/ObscuredFileWriteResult.cs" />
        <File uid="129" fullPath="C:/Users/asahan/Desktop/Clicker-master/onethesoft/GodOfArcher/GodOfArcher/Assets/Plugins/CodeStage/AntiCheatToolkit/Runtime/Scripts/Storage/File/Prefs/ObscuredFilePrefs.ObscuredTypes.cs" />
        <File uid="130" fullPath="C:/Users/asahan/Desktop/Clicker-master/onethesoft/GodOfArcher/GodOfArcher/Assets/Plugins/CodeStage/AntiCheatToolkit/Runtime/Scripts/Storage/File/Prefs/ObscuredFilePrefs.cs" />
        <File uid="131" fullPath="C:/Users/asahan/Desktop/Clicker-master/onethesoft/GodOfArcher/GodOfArcher/Assets/Plugins/CodeStage/AntiCheatToolkit/Runtime/Scripts/Storage/File/Prefs/ObscuredFilePrefsAutoSaver.cs" />
        <File uid="132" fullPath="C:/Users/asahan/Desktop/Clicker-master/onethesoft/GodOfArcher/GodOfArcher/Assets/Plugins/CodeStage/AntiCheatToolkit/Runtime/Scripts/Storage/File/Prefs/Serialization/PrefsSerialization.cs" />
        <File uid="133" fullPath="C:/Users/asahan/Desktop/Clicker-master/onethesoft/GodOfArcher/GodOfArcher/Assets/Plugins/CodeStage/AntiCheatToolkit/Runtime/Scripts/Storage/File/Prefs/Serialization/SerializationSettings.cs" />
        <File uid="134" fullPath="C:/Users/asahan/Desktop/Clicker-master/onethesoft/GodOfArcher/GodOfArcher/Assets/Plugins/CodeStage/AntiCheatToolkit/Runtime/Scripts/Storage/File/Prefs/Serialization/Serializers/BinarySerializer.cs" />
        <File uid="135" fullPath="C:/Users/asahan/Desktop/Clicker-master/onethesoft/GodOfArcher/GodOfArcher/Assets/Plugins/CodeStage/AntiCheatToolkit/Runtime/Scripts/Storage/File/Prefs/Serialization/Serializers/JsonSerializer.cs" />
        <File uid="136" fullPath="C:/Users/asahan/Desktop/Clicker-master/onethesoft/GodOfArcher/GodOfArcher/Assets/Plugins/CodeStage/AntiCheatToolkit/Runtime/Scripts/Storage/File/Settings/EncryptionSettings.cs" />
        <File uid="137" fullPath="C:/Users/asahan/Desktop/Clicker-master/onethesoft/GodOfArcher/GodOfArcher/Assets/Plugins/CodeStage/AntiCheatToolkit/Runtime/Scripts/Storage/File/Settings/ObscuredFileSettings.cs" />
        <File uid="138" fullPath="C:/Users/asahan/Desktop/Clicker-master/onethesoft/GodOfArcher/GodOfArcher/Assets/Plugins/CodeStage/AntiCheatToolkit/Runtime/Scripts/Storage/Prefs/ObscuredPrefs.LegacyApi.cs" />
        <File uid="139" fullPath="C:/Users/asahan/Desktop/Clicker-master/onethesoft/GodOfArcher/GodOfArcher/Assets/Plugins/CodeStage/AntiCheatToolkit/Runtime/Scripts/Storage/Prefs/ObscuredPrefs.ObscuredTypes.cs" />
        <File uid="140" fullPath="C:/Users/asahan/Desktop/Clicker-master/onethesoft/GodOfArcher/GodOfArcher/Assets/Plugins/CodeStage/AntiCheatToolkit/Runtime/Scripts/Storage/Prefs/ObscuredPrefs.Routines.cs" />
        <File uid="141" fullPath="C:/Users/asahan/Desktop/Clicker-master/onethesoft/GodOfArcher/GodOfArcher/Assets/Plugins/CodeStage/AntiCheatToolkit/Runtime/Scripts/Storage/Prefs/ObscuredPrefs.cs" />
        <File uid="142" fullPath="C:/Users/asahan/Desktop/Clicker-master/onethesoft/GodOfArcher/GodOfArcher/Assets/Plugins/CodeStage/AntiCheatToolkit/Runtime/Scripts/ObscuredTypes/ObscuredBigInteger.API.cs" />
        <File uid="143" fullPath="C:/Users/asahan/Desktop/Clicker-master/onethesoft/GodOfArcher/GodOfArcher/Assets/Plugins/CodeStage/AntiCheatToolkit/Runtime/Scripts/ObscuredTypes/ObscuredBigInteger.cs" />
        <File uid="144" fullPath="C:/Users/asahan/Desktop/Clicker-master/onethesoft/GodOfArcher/GodOfArcher/Assets/Plugins/CodeStage/AntiCheatToolkit/Runtime/Scripts/ObscuredTypes/ObscuredBool.cs" />
        <File uid="145" fullPath="C:/Users/asahan/Desktop/Clicker-master/onethesoft/GodOfArcher/GodOfArcher/Assets/Plugins/CodeStage/AntiCheatToolkit/Runtime/Scripts/ObscuredTypes/ObscuredByte.cs" />
        <File uid="146" fullPath="C:/Users/asahan/Desktop/Clicker-master/onethesoft/GodOfArcher/GodOfArcher/Assets/Plugins/CodeStage/AntiCheatToolkit/Runtime/Scripts/ObscuredTypes/ObscuredChar.cs" />
        <File uid="147" fullPath="C:/Users/asahan/Desktop/Clicker-master/onethesoft/GodOfArcher/GodOfArcher/Assets/Plugins/CodeStage/AntiCheatToolkit/Runtime/Scripts/ObscuredTypes/ObscuredDecimal.cs" />
        <File uid="148" fullPath="C:/Users/asahan/Desktop/Clicker-master/onethesoft/GodOfArcher/GodOfArcher/Assets/Plugins/CodeStage/AntiCheatToolkit/Runtime/Scripts/ObscuredTypes/ObscuredDouble.cs" />
        <File uid="149" fullPath="C:/Users/asahan/Desktop/Clicker-master/onethesoft/GodOfArcher/GodOfArcher/Assets/Plugins/CodeStage/AntiCheatToolkit/Runtime/Scripts/ObscuredTypes/ObscuredFloat.cs" />
        <File uid="150" fullPath="C:/Users/asahan/Desktop/Clicker-master/onethesoft/GodOfArcher/GodOfArcher/Assets/Plugins/CodeStage/AntiCheatToolkit/Runtime/Scripts/ObscuredTypes/ObscuredInt.cs" />
        <File uid="151" fullPath="C:/Users/asahan/Desktop/Clicker-master/onethesoft/GodOfArcher/GodOfArcher/Assets/Plugins/CodeStage/AntiCheatToolkit/Runtime/Scripts/ObscuredTypes/ObscuredLong.cs" />
        <File uid="152" fullPath="C:/Users/asahan/Desktop/Clicker-master/onethesoft/GodOfArcher/GodOfArcher/Assets/Plugins/CodeStage/AntiCheatToolkit/Runtime/Scripts/ObscuredTypes/ObscuredQuaternion.cs" />
        <File uid="153" fullPath="C:/Users/asahan/Desktop/Clicker-master/onethesoft/GodOfArcher/GodOfArcher/Assets/Plugins/CodeStage/AntiCheatToolkit/Runtime/Scripts/ObscuredTypes/ObscuredSByte.cs" />
        <File uid="154" fullPath="C:/Users/asahan/Desktop/Clicker-master/onethesoft/GodOfArcher/GodOfArcher/Assets/Plugins/CodeStage/AntiCheatToolkit/Runtime/Scripts/ObscuredTypes/ObscuredShort.cs" />
        <File uid="155" fullPath="C:/Users/asahan/Desktop/Clicker-master/onethesoft/GodOfArcher/GodOfArcher/Assets/Plugins/CodeStage/AntiCheatToolkit/Runtime/Scripts/ObscuredTypes/ObscuredString.cs" />
        <File uid="156" fullPath="C:/Users/asahan/Desktop/Clicker-master/onethesoft/GodOfArcher/GodOfArcher/Assets/Plugins/CodeStage/AntiCheatToolkit/Runtime/Scripts/ObscuredTypes/ObscuredUInt.cs" />
        <File uid="157" fullPath="C:/Users/asahan/Desktop/Clicker-master/onethesoft/GodOfArcher/GodOfArcher/Assets/Plugins/CodeStage/AntiCheatToolkit/Runtime/Scripts/ObscuredTypes/ObscuredULong.cs" />
        <File uid="158" fullPath="C:/Users/asahan/Desktop/Clicker-master/onethesoft/GodOfArcher/GodOfArcher/Assets/Plugins/CodeStage/AntiCheatToolkit/Runtime/Scripts/ObscuredTypes/ObscuredUShort.cs" />
        <File uid="159" fullPath="C:/Users/asahan/Desktop/Clicker-master/onethesoft/GodOfArcher/GodOfArcher/Assets/Plugins/CodeStage/AntiCheatToolkit/Runtime/Scripts/ObscuredTypes/ObscuredVector2.cs" />
        <File uid="160" fullPath="C:/Users/asahan/Desktop/Clicker-master/onethesoft/GodOfArcher/GodOfArcher/Assets/Plugins/CodeStage/AntiCheatToolkit/Runtime/Scripts/ObscuredTypes/ObscuredVector2Int.cs" />
        <File uid="161" fullPath="C:/Users/asahan/Desktop/Clicker-master/onethesoft/GodOfArcher/GodOfArcher/Assets/Plugins/CodeStage/AntiCheatToolkit/Runtime/Scripts/ObscuredTypes/ObscuredVector3.cs" />
        <File uid="162" fullPath="C:/Users/asahan/Desktop/Clicker-master/onethesoft/GodOfArcher/GodOfArcher/Assets/Plugins/CodeStage/AntiCheatToolkit/Runtime/Scripts/ObscuredTypes/ObscuredVector3Int.cs" />
        <File uid="163" fullPath="C:/Users/asahan/Desktop/Clicker-master/onethesoft/GodOfArcher/GodOfArcher/Assets/Plugins/CodeStage/AntiCheatToolkit/Runtime/Scripts/Genuine/CodeHash/BuildHashes.cs" />
        <File uid="164" fullPath="C:/Users/asahan/Desktop/Clicker-master/onethesoft/GodOfArcher/GodOfArcher/Assets/Plugins/CodeStage/AntiCheatToolkit/Runtime/Scripts/Genuine/CodeHash/CodeHashGenerator.cs" />
        <File uid="165" fullPath="C:/Users/asahan/Desktop/Clicker-master/onethesoft/GodOfArcher/GodOfArcher/Assets/Plugins/CodeStage/AntiCheatToolkit/Runtime/Scripts/Genuine/CodeHash/FileHash.cs" />
        <File uid="166" fullPath="C:/Users/asahan/Desktop/Clicker-master/onethesoft/GodOfArcher/GodOfArcher/Assets/Plugins/CodeStage/AntiCheatToolkit/Runtime/Scripts/Genuine/CodeHash/Filtering/FileFilter.cs" />
        <File uid="167" fullPath="C:/Users/asahan/Desktop/Clicker-master/onethesoft/GodOfArcher/GodOfArcher/Assets/Plugins/CodeStage/AntiCheatToolkit/Runtime/Scripts/Genuine/CodeHash/Filtering/FilteringData.cs" />
        <File uid="168" fullPath="C:/Users/asahan/Desktop/Clicker-master/onethesoft/GodOfArcher/GodOfArcher/Assets/Plugins/CodeStage/AntiCheatToolkit/Runtime/Scripts/Genuine/CodeHash/HashGeneratorResult.cs" />
        <File uid="169" fullPath="C:/Users/asahan/Desktop/Clicker-master/onethesoft/GodOfArcher/GodOfArcher/Assets/Plugins/CodeStage/AntiCheatToolkit/Runtime/Scripts/Genuine/CodeHash/SHA1Wrapper.cs" />
        <File uid="170" fullPath="C:/Users/asahan/Desktop/Clicker-master/onethesoft/GodOfArcher/GodOfArcher/Assets/Plugins/CodeStage/AntiCheatToolkit/Runtime/Scripts/Genuine/CodeHash/Workers/BaseWorker.cs" />
        <File uid="171" fullPath="C:/Users/asahan/Desktop/Clicker-master/onethesoft/GodOfArcher/GodOfArcher/Assets/Plugins/CodeStage/AntiCheatToolkit/Runtime/Scripts/Genuine/CodeHash/Workers/StandaloneWindowsWorker.cs" />
        <File uid="172" fullPath="C:/Users/asahan/Desktop/Clicker-master/onethesoft/GodOfArcher/GodOfArcher/Assets/Plugins/CodeStage/AntiCheatToolkit/Runtime/Scripts/Detectors/Abstract/ACTkDetectorBase.cs" />
        <File uid="173" fullPath="C:/Users/asahan/Desktop/Clicker-master/onethesoft/GodOfArcher/GodOfArcher/Assets/Plugins/CodeStage/AntiCheatToolkit/Runtime/Scripts/Detectors/InjectionDetector.cs" />
        <File uid="174" fullPath="C:/Users/asahan/Desktop/Clicker-master/onethesoft/GodOfArcher/GodOfArcher/Assets/Plugins/CodeStage/AntiCheatToolkit/Runtime/Scripts/Detectors/ObscuredCheatingDetector.cs" />
        <File uid="175" fullPath="C:/Users/asahan/Desktop/Clicker-master/onethesoft/GodOfArcher/GodOfArcher/Assets/Plugins/CodeStage/AntiCheatToolkit/Runtime/Scripts/Detectors/SpeedHackDetector.cs" />
        <File uid="176" fullPath="C:/Users/asahan/Desktop/Clicker-master/onethesoft/GodOfArcher/GodOfArcher/Assets/Plugins/CodeStage/AntiCheatToolkit/Runtime/Scripts/Detectors/TimeCheatingDetector.cs" />
        <File uid="177" fullPath="C:/Users/asahan/Desktop/Clicker-master/onethesoft/GodOfArcher/GodOfArcher/Assets/Plugins/CodeStage/AntiCheatToolkit/Runtime/Scripts/Detectors/WallHackDetector.cs" />
        <File uid="178" fullPath="C:/Users/asahan/Desktop/Clicker-master/onethesoft/GodOfArcher/GodOfArcher/Assets/Plugins/CodeStage/AntiCheatToolkit/Runtime/Scripts/Common/ACTk.cs" />
        <File uid="179" fullPath="C:/Users/asahan/Desktop/Clicker-master/onethesoft/GodOfArcher/GodOfArcher/Assets/Plugins/CodeStage/AntiCheatToolkit/Runtime/Scripts/Common/ACTkByte4.cs" />
        <File uid="180" fullPath="C:/Users/asahan/Desktop/Clicker-master/onethesoft/GodOfArcher/GodOfArcher/Assets/Plugins/CodeStage/AntiCheatToolkit/Runtime/Scripts/Common/ACTkByte8.cs" />
        <File uid="181" fullPath="C:/Users/asahan/Desktop/Clicker-master/onethesoft/GodOfArcher/GodOfArcher/Assets/Plugins/CodeStage/AntiCheatToolkit/Runtime/Scripts/Common/BackgroundThreadAccessException.cs" />
        <File uid="182" fullPath="C:/Users/asahan/Desktop/Clicker-master/onethesoft/GodOfArcher/GodOfArcher/Assets/Plugins/CodeStage/AntiCheatToolkit/Runtime/Scripts/Common/KeepAliveBehaviour.cs" />
        <File uid="183" fullPath="C:/Users/asahan/Desktop/Clicker-master/onethesoft/GodOfArcher/GodOfArcher/Assets/Plugins/CodeStage/AntiCheatToolkit/Runtime/Scripts/Common/UnityApiResultsHolder.cs" />
      </Files>
      <Classes>
        <Class>
          <Summary numSequencePoints="5" visitedSequencePoints="4" numBranchPoints="0" visitedBranchPoints="0" sequenceCoverage="80.00" branchCoverage="0.0" maxCyclomaticComplexity="0" minCyclomaticComplexity="0" maxCrapScore="0" minCrapScore="0" visitedClasses="1" numClasses="1" visitedMethods="1" numMethods="1" />
          <FullName>CodeStage.AntiCheat.Utils.Base64Utils</FullName>
          <Methods>
            <Method visited="true" cyclomaticComplexity="0" nPathComplexity="0" sequenceCoverage="80.00" branchCoverage="0" crapScore="0" isConstructor="false" isStatic="true" isGetter="false" isSetter="false">
              <Summary numSequencePoints="5" visitedSequencePoints="4" numBranchPoints="0" visitedBranchPoints="0" sequenceCoverage="80.00" branchCoverage="0" maxCyclomaticComplexity="0" minCyclomaticComplexity="0" maxCrapScore="0" minCrapScore="0" visitedClasses="0" numClasses="0" visitedMethods="1" numMethods="1" />
              <MetadataToken>100663312</MetadataToken>
              <Name>static System.String CodeStage.AntiCheat.Utils.Base64Utils::ToBase64(System.Char[])</Name>
              <FileRef uid="106" />
              <SequencePoints>
                <SequencePoint vc="1" uspid="140822" ordinal="0" offset="0" sl="32" sc="3" el="32" ec="3" bec="0" bev="0" fileid="106" />
                <SequencePoint vc="1" uspid="140823" ordinal="0" offset="1" sl="33" sc="4" el="33" ec="4" bec="0" bev="0" fileid="106" />
                <SequencePoint vc="0" uspid="140824" ordinal="0" offset="9" sl="34" sc="5" el="34" ec="5" bec="0" bev="0" fileid="106" />
                <SequencePoint vc="1" uspid="140825" ordinal="0" offset="20" sl="36" sc="4" el="36" ec="4" bec="0" bev="0" fileid="106" />
                <SequencePoint vc="1" uspid="140826" ordinal="0" offset="34" sl="37" sc="3" el="37" ec="3" bec="0" bev="0" fileid="106" />
              </SequencePoints>
              <BranchPoints />
            </Method>
          </Methods>
        </Class>
        <Class>
          <Summary numSequencePoints="3" visitedSequencePoints="3" numBranchPoints="0" visitedBranchPoints="0" sequenceCoverage="100.0" branchCoverage="0.0" maxCyclomaticComplexity="0" minCyclomaticComplexity="0" maxCrapScore="0" minCrapScore="0" visitedClasses="1" numClasses="1" visitedMethods="1" numMethods="1" />
          <FullName>CodeStage.AntiCheat.Utils.StringUtils</FullName>
          <Methods>
            <Method visited="true" cyclomaticComplexity="0" nPathComplexity="0" sequenceCoverage="100.0" branchCoverage="0" crapScore="0" isConstructor="false" isStatic="true" isGetter="false" isSetter="false">
              <Summary numSequencePoints="3" visitedSequencePoints="3" numBranchPoints="0" visitedBranchPoints="0" sequenceCoverage="100.0" branchCoverage="0" maxCyclomaticComplexity="0" minCyclomaticComplexity="0" maxCrapScore="0" minCrapScore="0" visitedClasses="0" numClasses="0" visitedMethods="1" numMethods="1" />
              <MetadataToken>100663332</MetadataToken>
              <Name>static System.Byte[] CodeStage.AntiCheat.Utils.StringUtils::CharsToBytes(System.Char[])</Name>
              <FileRef uid="110" />
              <SequencePoints>
                <SequencePoint vc="1" uspid="140928" ordinal="0" offset="0" sl="21" sc="3" el="21" ec="3" bec="0" bev="0" fileid="110" />
                <SequencePoint vc="1" uspid="140929" ordinal="0" offset="1" sl="22" sc="4" el="22" ec="4" bec="0" bev="0" fileid="110" />
                <SequencePoint vc="1" uspid="140930" ordinal="0" offset="15" sl="23" sc="3" el="23" ec="3" bec="0" bev="0" fileid="110" />
              </SequencePoints>
              <BranchPoints />
            </Method>
          </Methods>
        </Class>
        <Class>
          <Summary numSequencePoints="25" visitedSequencePoints="20" numBranchPoints="0" visitedBranchPoints="0" sequenceCoverage="80.00" branchCoverage="0.0" maxCyclomaticComplexity="0" minCyclomaticComplexity="0" maxCrapScore="0" minCrapScore="0" visitedClasses="1" numClasses="1" visitedMethods="3" numMethods="3" />
          <FullName>CodeStage.AntiCheat.ObscuredTypes.ObscuredString</FullName>
          <Methods>
            <Method visited="true" cyclomaticComplexity="0" nPathComplexity="0" sequenceCoverage="100.0" branchCoverage="0" crapScore="0" isConstructor="false" isStatic="true" isGetter="false" isSetter="false">
              <Summary numSequencePoints="3" visitedSequencePoints="3" numBranchPoints="0" visitedBranchPoints="0" sequenceCoverage="100.0" branchCoverage="0" maxCyclomaticComplexity="0" minCyclomaticComplexity="0" maxCrapScore="0" minCrapScore="0" visitedClasses="0" numClasses="0" visitedMethods="1" numMethods="1" />
              <MetadataToken>100664204</MetadataToken>
              <Name>static System.Char[] CodeStage.AntiCheat.ObscuredTypes.ObscuredString::Encrypt(System.String, System.Char[])</Name>
              <FileRef uid="155" />
              <SequencePoints>
                <SequencePoint vc="1" uspid="145081" ordinal="0" offset="0" sl="85" sc="3" el="85" ec="3" bec="0" bev="0" fileid="155" />
                <SequencePoint vc="1" uspid="145082" ordinal="0" offset="1" sl="86" sc="4" el="86" ec="4" bec="0" bev="0" fileid="155" />
                <SequencePoint vc="1" uspid="145083" ordinal="0" offset="16" sl="87" sc="3" el="87" ec="3" bec="0" bev="0" fileid="155" />
              </SequencePoints>
              <BranchPoints />
            </Method>
            <Method visited="true" cyclomaticComplexity="0" nPathComplexity="0" sequenceCoverage="100.0" branchCoverage="0" crapScore="0" isConstructor="false" isStatic="true" isGetter="false" isSetter="false">
              <Summary numSequencePoints="3" visitedSequencePoints="3" numBranchPoints="0" visitedBranchPoints="0" sequenceCoverage="100.0" branchCoverage="0" maxCyclomaticComplexity="0" minCyclomaticComplexity="0" maxCrapScore="0" minCrapScore="0" visitedClasses="0" numClasses="0" visitedMethods="1" numMethods="1" />
              <MetadataToken>100664205</MetadataToken>
              <Name>static System.Char[] CodeStage.AntiCheat.ObscuredTypes.ObscuredString::Encrypt(System.Char[], System.Char[])</Name>
              <FileRef uid="155" />
              <SequencePoints>
                <SequencePoint vc="1" uspid="145084" ordinal="0" offset="0" sl="95" sc="3" el="95" ec="3" bec="0" bev="0" fileid="155" />
                <SequencePoint vc="1" uspid="145085" ordinal="0" offset="1" sl="96" sc="4" el="96" ec="4" bec="0" bev="0" fileid="155" />
                <SequencePoint vc="1" uspid="145086" ordinal="0" offset="11" sl="97" sc="3" el="97" ec="3" bec="0" bev="0" fileid="155" />
              </SequencePoints>
              <BranchPoints />
            </Method>
            <Method visited="true" cyclomaticComplexity="0" nPathComplexity="0" sequenceCoverage="73.68" branchCoverage="0" crapScore="0" isConstructor="false" isStatic="true" isGetter="false" isSetter="false">
              <Summary numSequencePoints="19" visitedSequencePoints="14" numBranchPoints="0" visitedBranchPoints="0" sequenceCoverage="73.68" branchCoverage="0" maxCyclomaticComplexity="0" minCyclomaticComplexity="0" maxCrapScore="0" minCrapScore="0" visitedClasses="0" numClasses="0" visitedMethods="1" numMethods="1" />
              <MetadataToken>100664213</MetadataToken>
              <Name>static System.Char[] CodeStage.AntiCheat.ObscuredTypes.ObscuredString::InternalEncryptDecrypt(System.Char[], System.Char[])</Name>
              <FileRef uid="155" />
              <SequencePoints>
                <SequencePoint vc="1" uspid="145115" ordinal="0" offset="0" sl="175" sc="3" el="175" ec="3" bec="0" bev="0" fileid="155" />
                <SequencePoint vc="1" uspid="145116" ordinal="0" offset="1" sl="176" sc="4" el="176" ec="4" bec="0" bev="0" fileid="155" />
                <SequencePoint vc="0" uspid="145117" ordinal="0" offset="16" sl="177" sc="4" el="177" ec="4" bec="0" bev="0" fileid="155" />
                <SequencePoint vc="0" uspid="145118" ordinal="0" offset="17" sl="178" sc="5" el="178" ec="5" bec="0" bev="0" fileid="155" />
                <SequencePoint vc="1" uspid="145119" ordinal="0" offset="22" sl="181" sc="4" el="181" ec="4" bec="0" bev="0" fileid="155" />
                <SequencePoint vc="0" uspid="145120" ordinal="0" offset="33" sl="182" sc="4" el="182" ec="4" bec="0" bev="0" fileid="155" />
                <SequencePoint vc="0" uspid="145121" ordinal="0" offset="34" sl="183" sc="5" el="183" ec="5" bec="0" bev="0" fileid="155" />
                <SequencePoint vc="0" uspid="145122" ordinal="0" offset="45" sl="184" sc="5" el="184" ec="5" bec="0" bev="0" fileid="155" />
                <SequencePoint vc="1" uspid="145123" ordinal="0" offset="50" sl="187" sc="4" el="187" ec="4" bec="0" bev="0" fileid="155" />
                <SequencePoint vc="1" uspid="145124" ordinal="0" offset="54" sl="188" sc="4" el="188" ec="4" bec="0" bev="0" fileid="155" />
                <SequencePoint vc="1" uspid="145125" ordinal="0" offset="58" sl="190" sc="4" el="190" ec="4" bec="0" bev="0" fileid="155" />
                <SequencePoint vc="1" uspid="145126" ordinal="0" offset="65" sl="192" sc="9" el="192" ec="9" bec="0" bev="0" fileid="155" />
                <SequencePoint vc="30" uspid="145127" ordinal="0" offset="70" sl="193" sc="4" el="193" ec="4" bec="0" bev="0" fileid="155" />
                <SequencePoint vc="30" uspid="145128" ordinal="0" offset="71" sl="194" sc="5" el="194" ec="5" bec="0" bev="0" fileid="155" />
                <SequencePoint vc="30" uspid="145129" ordinal="0" offset="87" sl="195" sc="4" el="195" ec="4" bec="0" bev="0" fileid="155" />
                <SequencePoint vc="30" uspid="145130" ordinal="0" offset="88" sl="192" sc="37" el="192" ec="37" bec="0" bev="0" fileid="155" />
                <SequencePoint vc="31" uspid="145131" ordinal="0" offset="94" sl="192" sc="20" el="192" ec="20" bec="0" bev="0" fileid="155" />
                <SequencePoint vc="1" uspid="145132" ordinal="0" offset="105" sl="197" sc="4" el="197" ec="4" bec="0" bev="0" fileid="155" />
                <SequencePoint vc="1" uspid="145133" ordinal="0" offset="110" sl="198" sc="3" el="198" ec="3" bec="0" bev="0" fileid="155" />
              </SequencePoints>
              <BranchPoints />
            </Method>
          </Methods>
        </Class>
        <Class>
          <Summary numSequencePoints="3" visitedSequencePoints="3" numBranchPoints="0" visitedBranchPoints="0" sequenceCoverage="100.0" branchCoverage="0.0" maxCyclomaticComplexity="0" minCyclomaticComplexity="0" maxCrapScore="0" minCrapScore="0" visitedClasses="1" numClasses="1" visitedMethods="1" numMethods="1" />
          <FullName>CodeStage.AntiCheat.Detectors.InjectionDetector</FullName>
          <Methods>
            <Method visited="true" cyclomaticComplexity="0" nPathComplexity="0" sequenceCoverage="100.0" branchCoverage="0" crapScore="0" isConstructor="true" isStatic="false" isGetter="false" isSetter="false">
              <Summary numSequencePoints="3" visitedSequencePoints="3" numBranchPoints="0" visitedBranchPoints="0" sequenceCoverage="100.0" branchCoverage="0" maxCyclomaticComplexity="0" minCyclomaticComplexity="0" maxCrapScore="0" minCrapScore="0" visitedClasses="0" numClasses="0" visitedMethods="1" numMethods="1" />
              <MetadataToken>100664618</MetadataToken>
              <Name>CodeStage.AntiCheat.Detectors.InjectionDetector::InjectionDetector()</Name>
              <FileRef uid="173" />
              <SequencePoints>
                <SequencePoint vc="1" uspid="147249" ordinal="0" offset="0" sl="160" sc="3" el="160" ec="3" bec="0" bev="0" fileid="173" />
                <SequencePoint vc="1" uspid="147250" ordinal="0" offset="7" sl="160" sc="31" el="160" ec="31" bec="0" bev="0" fileid="173" />
                <SequencePoint vc="1" uspid="147251" ordinal="0" offset="8" sl="160" sc="33" el="160" ec="33" bec="0" bev="0" fileid="173" />
              </SequencePoints>
              <BranchPoints />
            </Method>
          </Methods>
        </Class>
        <Class>
          <Summary numSequencePoints="8" visitedSequencePoints="8" numBranchPoints="0" visitedBranchPoints="0" sequenceCoverage="100.0" branchCoverage="0.0" maxCyclomaticComplexity="0" minCyclomaticComplexity="0" maxCrapScore="0" minCrapScore="0" visitedClasses="1" numClasses="1" visitedMethods="1" numMethods="1" />
          <FullName>CodeStage.AntiCheat.Detectors.ObscuredCheatingDetector</FullName>
          <Methods>
            <Method visited="true" cyclomaticComplexity="0" nPathComplexity="0" sequenceCoverage="100.0" branchCoverage="0" crapScore="0" isConstructor="true" isStatic="false" isGetter="false" isSetter="false">
              <Summary numSequencePoints="8" visitedSequencePoints="8" numBranchPoints="0" visitedBranchPoints="0" sequenceCoverage="100.0" branchCoverage="0" maxCyclomaticComplexity="0" minCyclomaticComplexity="0" maxCrapScore="0" minCrapScore="0" visitedClasses="0" numClasses="0" visitedMethods="1" numMethods="1" />
              <MetadataToken>100664642</MetadataToken>
              <Name>CodeStage.AntiCheat.Detectors.ObscuredCheatingDetector::ObscuredCheatingDetector()</Name>
              <FileRef uid="174" />
              <SequencePoints>
                <SequencePoint vc="1" uspid="147310" ordinal="0" offset="0" sl="39" sc="3" el="39" ec="3" bec="0" bev="0" fileid="174" />
                <SequencePoint vc="1" uspid="147311" ordinal="0" offset="15" sl="45" sc="3" el="45" ec="3" bec="0" bev="0" fileid="174" />
                <SequencePoint vc="1" uspid="147312" ordinal="0" offset="26" sl="51" sc="3" el="51" ec="3" bec="0" bev="0" fileid="174" />
                <SequencePoint vc="1" uspid="147313" ordinal="0" offset="37" sl="57" sc="3" el="57" ec="3" bec="0" bev="0" fileid="174" />
                <SequencePoint vc="1" uspid="147314" ordinal="0" offset="48" sl="63" sc="3" el="63" ec="3" bec="0" bev="0" fileid="174" />
                <SequencePoint vc="1" uspid="147315" ordinal="0" offset="59" sl="144" sc="3" el="144" ec="3" bec="0" bev="0" fileid="174" />
                <SequencePoint vc="1" uspid="147316" ordinal="0" offset="66" sl="144" sc="38" el="144" ec="38" bec="0" bev="0" fileid="174" />
                <SequencePoint vc="1" uspid="147317" ordinal="0" offset="67" sl="144" sc="39" el="144" ec="39" bec="0" bev="0" fileid="174" />
              </SequencePoints>
              <BranchPoints />
            </Method>
          </Methods>
        </Class>
        <Class>
          <Summary numSequencePoints="8" visitedSequencePoints="8" numBranchPoints="0" visitedBranchPoints="0" sequenceCoverage="100.0" branchCoverage="0.0" maxCyclomaticComplexity="0" minCyclomaticComplexity="0" maxCrapScore="0" minCrapScore="0" visitedClasses="1" numClasses="1" visitedMethods="1" numMethods="1" />
          <FullName>CodeStage.AntiCheat.Detectors.SpeedHackDetector</FullName>
          <Methods>
            <Method visited="true" cyclomaticComplexity="0" nPathComplexity="0" sequenceCoverage="100.0" branchCoverage="0" crapScore="0" isConstructor="true" isStatic="false" isGetter="false" isSetter="false">
              <Summary numSequencePoints="8" visitedSequencePoints="8" numBranchPoints="0" visitedBranchPoints="0" sequenceCoverage="100.0" branchCoverage="0" maxCyclomaticComplexity="0" minCyclomaticComplexity="0" maxCrapScore="0" minCrapScore="0" visitedClasses="0" numClasses="0" visitedMethods="1" numMethods="1" />
              <MetadataToken>100664655</MetadataToken>
              <Name>CodeStage.AntiCheat.Detectors.SpeedHackDetector::SpeedHackDetector()</Name>
              <FileRef uid="175" />
              <SequencePoints>
                <SequencePoint vc="1" uspid="147463" ordinal="0" offset="0" sl="40" sc="3" el="40" ec="3" bec="0" bev="0" fileid="175" />
                <SequencePoint vc="1" uspid="147464" ordinal="0" offset="11" sl="47" sc="3" el="47" ec="3" bec="0" bev="0" fileid="175" />
                <SequencePoint vc="1" uspid="147465" ordinal="0" offset="22" sl="53" sc="3" el="53" ec="3" bec="0" bev="0" fileid="175" />
                <SequencePoint vc="1" uspid="147466" ordinal="0" offset="29" sl="60" sc="3" el="60" ec="3" bec="0" bev="0" fileid="175" />
                <SequencePoint vc="1" uspid="147467" ordinal="0" offset="37" sl="184" sc="3" el="184" ec="3" bec="0" bev="0" fileid="175" />
                <SequencePoint vc="1" uspid="147468" ordinal="0" offset="44" sl="185" sc="3" el="185" ec="3" bec="0" bev="0" fileid="175" />
                <SequencePoint vc="1" uspid="147469" ordinal="0" offset="45" sl="188" sc="4" el="188" ec="4" bec="0" bev="0" fileid="175" />
                <SequencePoint vc="1" uspid="147470" ordinal="0" offset="63" sl="193" sc="3" el="193" ec="3" bec="0" bev="0" fileid="175" />
              </SequencePoints>
              <BranchPoints />
            </Method>
          </Methods>
        </Class>
        <Class>
          <Summary numSequencePoints="10" visitedSequencePoints="10" numBranchPoints="0" visitedBranchPoints="0" sequenceCoverage="100.0" branchCoverage="0.0" maxCyclomaticComplexity="0" minCyclomaticComplexity="0" maxCrapScore="0" minCrapScore="0" visitedClasses="1" numClasses="1" visitedMethods="1" numMethods="1" />
          <FullName>CodeStage.AntiCheat.Detectors.TimeCheatingDetector</FullName>
          <Methods>
            <Method visited="true" cyclomaticComplexity="0" nPathComplexity="0" sequenceCoverage="100.0" branchCoverage="0" crapScore="0" isConstructor="true" isStatic="false" isGetter="false" isSetter="false">
              <Summary numSequencePoints="10" visitedSequencePoints="10" numBranchPoints="0" visitedBranchPoints="0" sequenceCoverage="100.0" branchCoverage="0" maxCyclomaticComplexity="0" minCyclomaticComplexity="0" maxCrapScore="0" minCrapScore="0" visitedClasses="0" numClasses="0" visitedMethods="1" numMethods="1" />
              <MetadataToken>100664720</MetadataToken>
              <Name>CodeStage.AntiCheat.Detectors.TimeCheatingDetector::TimeCheatingDetector()</Name>
              <FileRef uid="176" />
              <SequencePoints>
                <SequencePoint vc="1" uspid="147746" ordinal="0" offset="0" sl="274" sc="3" el="274" ec="3" bec="0" bev="0" fileid="176" />
                <SequencePoint vc="1" uspid="147747" ordinal="0" offset="11" sl="296" sc="3" el="296" ec="3" bec="0" bev="0" fileid="176" />
                <SequencePoint vc="1" uspid="147748" ordinal="0" offset="18" sl="302" sc="3" el="302" ec="3" bec="0" bev="0" fileid="176" />
                <SequencePoint vc="1" uspid="147749" ordinal="0" offset="26" sl="311" sc="3" el="311" ec="3" bec="0" bev="0" fileid="176" />
                <SequencePoint vc="1" uspid="147750" ordinal="0" offset="37" sl="319" sc="3" el="319" ec="3" bec="0" bev="0" fileid="176" />
                <SequencePoint vc="1" uspid="147751" ordinal="0" offset="45" sl="327" sc="3" el="327" ec="3" bec="0" bev="0" fileid="176" />
                <SequencePoint vc="1" uspid="147752" ordinal="0" offset="53" sl="335" sc="3" el="335" ec="3" bec="0" bev="0" fileid="176" />
                <SequencePoint vc="1" uspid="147753" ordinal="0" offset="60" sl="361" sc="3" el="361" ec="3" bec="0" bev="0" fileid="176" />
                <SequencePoint vc="1" uspid="147754" ordinal="0" offset="91" sl="1187" sc="3" el="1187" ec="3" bec="0" bev="0" fileid="176" />
                <SequencePoint vc="1" uspid="147755" ordinal="0" offset="99" sl="1191" sc="3" el="1191" ec="3" bec="0" bev="0" fileid="176" />
              </SequencePoints>
              <BranchPoints />
            </Method>
          </Methods>
        </Class>
        <Class>
          <Summary numSequencePoints="17" visitedSequencePoints="17" numBranchPoints="0" visitedBranchPoints="0" sequenceCoverage="100.0" branchCoverage="0.0" maxCyclomaticComplexity="0" minCyclomaticComplexity="0" maxCrapScore="0" minCrapScore="0" visitedClasses="1" numClasses="1" visitedMethods="1" numMethods="1" />
          <FullName>CodeStage.AntiCheat.Detectors.WallHackDetector</FullName>
          <Methods>
            <Method visited="true" cyclomaticComplexity="0" nPathComplexity="0" sequenceCoverage="100.0" branchCoverage="0" crapScore="0" isConstructor="true" isStatic="false" isGetter="false" isSetter="false">
              <Summary numSequencePoints="17" visitedSequencePoints="17" numBranchPoints="0" visitedBranchPoints="0" sequenceCoverage="100.0" branchCoverage="0" maxCyclomaticComplexity="0" minCyclomaticComplexity="0" maxCrapScore="0" minCrapScore="0" visitedClasses="0" numClasses="0" visitedMethods="1" numMethods="1" />
              <MetadataToken>100664738</MetadataToken>
              <Name>CodeStage.AntiCheat.Detectors.WallHackDetector::WallHackDetector()</Name>
              <FileRef uid="177" />
              <SequencePoints>
                <SequencePoint vc="1" uspid="148305" ordinal="0" offset="0" sl="57" sc="3" el="57" ec="3" bec="0" bev="0" fileid="177" />
                <SequencePoint vc="1" uspid="148306" ordinal="0" offset="26" sl="59" sc="3" el="59" ec="3" bec="0" bev="0" fileid="177" />
                <SequencePoint vc="1" uspid="148307" ordinal="0" offset="37" sl="64" sc="3" el="64" ec="3" bec="0" bev="0" fileid="177" />
                <SequencePoint vc="1" uspid="148308" ordinal="0" offset="44" sl="94" sc="3" el="94" ec="3" bec="0" bev="0" fileid="177" />
                <SequencePoint vc="1" uspid="148309" ordinal="0" offset="51" sl="124" sc="3" el="124" ec="3" bec="0" bev="0" fileid="177" />
                <SequencePoint vc="1" uspid="148310" ordinal="0" offset="58" sl="159" sc="3" el="159" ec="3" bec="0" bev="0" fileid="177" />
                <SequencePoint vc="1" uspid="148311" ordinal="0" offset="65" sl="194" sc="3" el="194" ec="3" bec="0" bev="0" fileid="177" />
                <SequencePoint vc="1" uspid="148312" ordinal="0" offset="73" sl="201" sc="3" el="201" ec="3" bec="0" bev="0" fileid="177" />
                <SequencePoint vc="1" uspid="148313" ordinal="0" offset="81" sl="215" sc="3" el="215" ec="3" bec="0" bev="0" fileid="177" />
                <SequencePoint vc="1" uspid="148314" ordinal="0" offset="88" sl="226" sc="3" el="226" ec="3" bec="0" bev="0" fileid="177" />
                <SequencePoint vc="1" uspid="148315" ordinal="0" offset="99" sl="227" sc="3" el="227" ec="3" bec="0" bev="0" fileid="177" />
                <SequencePoint vc="1" uspid="148316" ordinal="0" offset="110" sl="234" sc="3" el="234" ec="3" bec="0" bev="0" fileid="177" />
                <SequencePoint vc="1" uspid="148317" ordinal="0" offset="117" sl="235" sc="3" el="235" ec="3" bec="0" bev="0" fileid="177" />
                <SequencePoint vc="1" uspid="148318" ordinal="0" offset="124" sl="248" sc="3" el="248" ec="3" bec="0" bev="0" fileid="177" />
                <SequencePoint vc="1" uspid="148319" ordinal="0" offset="137" sl="350" sc="3" el="350" ec="3" bec="0" bev="0" fileid="177" />
                <SequencePoint vc="1" uspid="148320" ordinal="0" offset="144" sl="350" sc="30" el="350" ec="30" bec="0" bev="0" fileid="177" />
                <SequencePoint vc="1" uspid="148321" ordinal="0" offset="145" sl="350" sc="32" el="350" ec="32" bec="0" bev="0" fileid="177" />
              </SequencePoints>
              <BranchPoints />
            </Method>
          </Methods>
        </Class>
      </Classes>
    </Module>
    <Module>
      <Summary numSequencePoints="95" visitedSequencePoints="41" numBranchPoints="0" visitedBranchPoints="0" sequenceCoverage="43.16" branchCoverage="0.0" maxCyclomaticComplexity="0" minCyclomaticComplexity="0" maxCrapScore="0" minCrapScore="0" visitedClasses="2" numClasses="2" visitedMethods="7" numMethods="7" />
      <ModuleTime>0001-01-01T00:00:00</ModuleTime>
      <ModuleName>ACTk.Editor</ModuleName>
      <Files>
        <File uid="386" fullPath="C:/Users/asahan/Desktop/Clicker-master/onethesoft/GodOfArcher/GodOfArcher/Assets/Plugins/CodeStage/AntiCheatToolkit/Editor/Scripts/Common/Tools/CSColorTools.cs" />
        <File uid="387" fullPath="C:/Users/asahan/Desktop/Clicker-master/onethesoft/GodOfArcher/GodOfArcher/Assets/Plugins/CodeStage/AntiCheatToolkit/Editor/Scripts/Common/Tools/CSEditorIcons.cs" />
        <File uid="388" fullPath="C:/Users/asahan/Desktop/Clicker-master/onethesoft/GodOfArcher/GodOfArcher/Assets/Plugins/CodeStage/AntiCheatToolkit/Editor/Scripts/Common/Tools/CSFileTools.cs" />
        <File uid="389" fullPath="C:/Users/asahan/Desktop/Clicker-master/onethesoft/GodOfArcher/GodOfArcher/Assets/Plugins/CodeStage/AntiCheatToolkit/Editor/Scripts/Common/Tools/CSTextureLoader.cs" />
        <File uid="390" fullPath="C:/Users/asahan/Desktop/Clicker-master/onethesoft/GodOfArcher/GodOfArcher/Assets/Plugins/CodeStage/AntiCheatToolkit/Editor/Scripts/ACTkEditorConstants.cs" />
        <File uid="391" fullPath="C:/Users/asahan/Desktop/Clicker-master/onethesoft/GodOfArcher/GodOfArcher/Assets/Plugins/CodeStage/AntiCheatToolkit/Editor/Scripts/ACTkMarker.cs" />
        <File uid="392" fullPath="C:/Users/asahan/Desktop/Clicker-master/onethesoft/GodOfArcher/GodOfArcher/Assets/Plugins/CodeStage/AntiCheatToolkit/Editor/Scripts/ACTkMenuItems.cs" />
        <File uid="393" fullPath="C:/Users/asahan/Desktop/Clicker-master/onethesoft/GodOfArcher/GodOfArcher/Assets/Plugins/CodeStage/AntiCheatToolkit/Editor/Scripts/Injection/AllowedAssembly.cs" />
        <File uid="394" fullPath="C:/Users/asahan/Desktop/Clicker-master/onethesoft/GodOfArcher/GodOfArcher/Assets/Plugins/CodeStage/AntiCheatToolkit/Editor/Scripts/Injection/InjectionConstants.cs" />
        <File uid="395" fullPath="C:/Users/asahan/Desktop/Clicker-master/onethesoft/GodOfArcher/GodOfArcher/Assets/Plugins/CodeStage/AntiCheatToolkit/Editor/Scripts/Injection/InjectionRoutines.cs" />
        <File uid="396" fullPath="C:/Users/asahan/Desktop/Clicker-master/onethesoft/GodOfArcher/GodOfArcher/Assets/Plugins/CodeStage/AntiCheatToolkit/Editor/Scripts/Injection/InjectionWhitelistBuilder.cs" />
        <File uid="397" fullPath="C:/Users/asahan/Desktop/Clicker-master/onethesoft/GodOfArcher/GodOfArcher/Assets/Plugins/CodeStage/AntiCheatToolkit/Editor/Scripts/Injection/UserWhitelistEditor.cs" />
        <File uid="398" fullPath="C:/Users/asahan/Desktop/Clicker-master/onethesoft/GodOfArcher/GodOfArcher/Assets/Plugins/CodeStage/AntiCheatToolkit/Editor/Scripts/ObscuredTypes/MigrateUtils.Routines.cs" />
        <File uid="399" fullPath="C:/Users/asahan/Desktop/Clicker-master/onethesoft/GodOfArcher/GodOfArcher/Assets/Plugins/CodeStage/AntiCheatToolkit/Editor/Scripts/ObscuredTypes/MigrateUtils.cs" />
        <File uid="400" fullPath="C:/Users/asahan/Desktop/Clicker-master/onethesoft/GodOfArcher/GodOfArcher/Assets/Plugins/CodeStage/AntiCheatToolkit/Editor/Scripts/PrefsEditor/ACTkPrefsEditor.UI.cs" />
        <File uid="401" fullPath="C:/Users/asahan/Desktop/Clicker-master/onethesoft/GodOfArcher/GodOfArcher/Assets/Plugins/CodeStage/AntiCheatToolkit/Editor/Scripts/PrefsEditor/ACTkPrefsEditor.cs" />
        <File uid="402" fullPath="C:/Users/asahan/Desktop/Clicker-master/onethesoft/GodOfArcher/GodOfArcher/Assets/Plugins/CodeStage/AntiCheatToolkit/Editor/Scripts/PrefsEditor/Plist.cs" />
        <File uid="403" fullPath="C:/Users/asahan/Desktop/Clicker-master/onethesoft/GodOfArcher/GodOfArcher/Assets/Plugins/CodeStage/AntiCheatToolkit/Editor/Scripts/PrefsEditor/PrefsRecord.cs" />
        <File uid="404" fullPath="C:/Users/asahan/Desktop/Clicker-master/onethesoft/GodOfArcher/GodOfArcher/Assets/Plugins/CodeStage/AntiCheatToolkit/Editor/Scripts/Settings/ACTkEditorPrefsSettings.cs" />
        <File uid="405" fullPath="C:/Users/asahan/Desktop/Clicker-master/onethesoft/GodOfArcher/GodOfArcher/Assets/Plugins/CodeStage/AntiCheatToolkit/Editor/Scripts/Settings/ACTkSettings.cs" />
        <File uid="406" fullPath="C:/Users/asahan/Desktop/Clicker-master/onethesoft/GodOfArcher/GodOfArcher/Assets/Plugins/CodeStage/AntiCheatToolkit/Editor/Scripts/Settings/ACTkUserSettings.cs" />
        <File uid="407" fullPath="C:/Users/asahan/Desktop/Clicker-master/onethesoft/GodOfArcher/GodOfArcher/Assets/Plugins/CodeStage/AntiCheatToolkit/Editor/Scripts/Settings/SettingsGUI.cs" />
        <File uid="408" fullPath="C:/Users/asahan/Desktop/Clicker-master/onethesoft/GodOfArcher/GodOfArcher/Assets/Plugins/CodeStage/AntiCheatToolkit/Editor/Scripts/Settings/SettingsProviderWrapper.cs" />
        <File uid="409" fullPath="C:/Users/asahan/Desktop/Clicker-master/onethesoft/GodOfArcher/GodOfArcher/Assets/Plugins/CodeStage/AntiCheatToolkit/Editor/Scripts/Settings/SettingsUtils.cs" />
        <File uid="410" fullPath="C:/Users/asahan/Desktop/Clicker-master/onethesoft/GodOfArcher/GodOfArcher/Assets/Plugins/CodeStage/AntiCheatToolkit/Editor/Scripts/Tools/DetectorTools.cs" />
        <File uid="411" fullPath="C:/Users/asahan/Desktop/Clicker-master/onethesoft/GodOfArcher/GodOfArcher/Assets/Plugins/CodeStage/AntiCheatToolkit/Editor/Scripts/Tools/EditorTools.cs" />
        <File uid="412" fullPath="C:/Users/asahan/Desktop/Clicker-master/onethesoft/GodOfArcher/GodOfArcher/Assets/Plugins/CodeStage/AntiCheatToolkit/Editor/Scripts/Tools/GUITools.cs" />
        <File uid="413" fullPath="C:/Users/asahan/Desktop/Clicker-master/onethesoft/GodOfArcher/GodOfArcher/Assets/Plugins/CodeStage/AntiCheatToolkit/Editor/Scripts/Tools/ReflectionTools.cs" />
        <File uid="414" fullPath="C:/Users/asahan/Desktop/Clicker-master/onethesoft/GodOfArcher/GodOfArcher/Assets/Plugins/CodeStage/AntiCheatToolkit/Editor/Scripts/Tools/TextureTools.cs" />
        <File uid="415" fullPath="C:/Users/asahan/Desktop/Clicker-master/onethesoft/GodOfArcher/GodOfArcher/Assets/Plugins/CodeStage/AntiCheatToolkit/Editor/Scripts/Settings/SettingsValidator.cs" />
        <File uid="416" fullPath="C:/Users/asahan/Desktop/Clicker-master/onethesoft/GodOfArcher/GodOfArcher/Assets/Plugins/CodeStage/AntiCheatToolkit/Editor/Scripts/Processors/BuildPreProcessor.cs" />
        <File uid="417" fullPath="C:/Users/asahan/Desktop/Clicker-master/onethesoft/GodOfArcher/GodOfArcher/Assets/Plugins/CodeStage/AntiCheatToolkit/Editor/Scripts/Processors/WallHackDetectorLinkerProcessor.cs" />
        <File uid="418" fullPath="C:/Users/asahan/Desktop/Clicker-master/onethesoft/GodOfArcher/GodOfArcher/Assets/Plugins/CodeStage/AntiCheatToolkit/Editor/Scripts/ObscuredTypes/PropertyDrawers/ObscuredBigIntegerDrawer.cs" />
        <File uid="419" fullPath="C:/Users/asahan/Desktop/Clicker-master/onethesoft/GodOfArcher/GodOfArcher/Assets/Plugins/CodeStage/AntiCheatToolkit/Editor/Scripts/ObscuredTypes/PropertyDrawers/ObscuredBoolDrawer.cs" />
        <File uid="420" fullPath="C:/Users/asahan/Desktop/Clicker-master/onethesoft/GodOfArcher/GodOfArcher/Assets/Plugins/CodeStage/AntiCheatToolkit/Editor/Scripts/ObscuredTypes/PropertyDrawers/ObscuredDecimalDrawer.cs" />
        <File uid="421" fullPath="C:/Users/asahan/Desktop/Clicker-master/onethesoft/GodOfArcher/GodOfArcher/Assets/Plugins/CodeStage/AntiCheatToolkit/Editor/Scripts/ObscuredTypes/PropertyDrawers/ObscuredDoubleDrawer.cs" />
        <File uid="422" fullPath="C:/Users/asahan/Desktop/Clicker-master/onethesoft/GodOfArcher/GodOfArcher/Assets/Plugins/CodeStage/AntiCheatToolkit/Editor/Scripts/ObscuredTypes/PropertyDrawers/ObscuredFloatDrawer.cs" />
        <File uid="423" fullPath="C:/Users/asahan/Desktop/Clicker-master/onethesoft/GodOfArcher/GodOfArcher/Assets/Plugins/CodeStage/AntiCheatToolkit/Editor/Scripts/ObscuredTypes/PropertyDrawers/ObscuredIntDrawer.cs" />
        <File uid="424" fullPath="C:/Users/asahan/Desktop/Clicker-master/onethesoft/GodOfArcher/GodOfArcher/Assets/Plugins/CodeStage/AntiCheatToolkit/Editor/Scripts/ObscuredTypes/PropertyDrawers/ObscuredLongDrawer.cs" />
        <File uid="425" fullPath="C:/Users/asahan/Desktop/Clicker-master/onethesoft/GodOfArcher/GodOfArcher/Assets/Plugins/CodeStage/AntiCheatToolkit/Editor/Scripts/ObscuredTypes/PropertyDrawers/ObscuredQuaternionDrawer.cs" />
        <File uid="426" fullPath="C:/Users/asahan/Desktop/Clicker-master/onethesoft/GodOfArcher/GodOfArcher/Assets/Plugins/CodeStage/AntiCheatToolkit/Editor/Scripts/ObscuredTypes/PropertyDrawers/ObscuredShortDrawer.cs" />
        <File uid="427" fullPath="C:/Users/asahan/Desktop/Clicker-master/onethesoft/GodOfArcher/GodOfArcher/Assets/Plugins/CodeStage/AntiCheatToolkit/Editor/Scripts/ObscuredTypes/PropertyDrawers/ObscuredStringDrawer.cs" />
        <File uid="428" fullPath="C:/Users/asahan/Desktop/Clicker-master/onethesoft/GodOfArcher/GodOfArcher/Assets/Plugins/CodeStage/AntiCheatToolkit/Editor/Scripts/ObscuredTypes/PropertyDrawers/ObscuredUIntDrawer.cs" />
        <File uid="429" fullPath="C:/Users/asahan/Desktop/Clicker-master/onethesoft/GodOfArcher/GodOfArcher/Assets/Plugins/CodeStage/AntiCheatToolkit/Editor/Scripts/ObscuredTypes/PropertyDrawers/ObscuredULongDrawer.cs" />
        <File uid="430" fullPath="C:/Users/asahan/Desktop/Clicker-master/onethesoft/GodOfArcher/GodOfArcher/Assets/Plugins/CodeStage/AntiCheatToolkit/Editor/Scripts/ObscuredTypes/PropertyDrawers/ObscuredVector2Drawer.cs" />
        <File uid="431" fullPath="C:/Users/asahan/Desktop/Clicker-master/onethesoft/GodOfArcher/GodOfArcher/Assets/Plugins/CodeStage/AntiCheatToolkit/Editor/Scripts/ObscuredTypes/PropertyDrawers/ObscuredVector2IntDrawer.cs" />
        <File uid="432" fullPath="C:/Users/asahan/Desktop/Clicker-master/onethesoft/GodOfArcher/GodOfArcher/Assets/Plugins/CodeStage/AntiCheatToolkit/Editor/Scripts/ObscuredTypes/PropertyDrawers/ObscuredVector3Drawer.cs" />
        <File uid="433" fullPath="C:/Users/asahan/Desktop/Clicker-master/onethesoft/GodOfArcher/GodOfArcher/Assets/Plugins/CodeStage/AntiCheatToolkit/Editor/Scripts/ObscuredTypes/PropertyDrawers/ObscuredVector3IntDrawer.cs" />
        <File uid="434" fullPath="C:/Users/asahan/Desktop/Clicker-master/onethesoft/GodOfArcher/GodOfArcher/Assets/Plugins/CodeStage/AntiCheatToolkit/Editor/Scripts/Genuine/CodeHash/PostProcess/CodeHashGeneratorPostprocessor.cs" />
        <File uid="435" fullPath="C:/Users/asahan/Desktop/Clicker-master/onethesoft/GodOfArcher/GodOfArcher/Assets/Plugins/CodeStage/AntiCheatToolkit/Editor/Scripts/Injection/PostProcess/BuildPostProcessor.cs" />
        <File uid="436" fullPath="C:/Users/asahan/Desktop/Clicker-master/onethesoft/GodOfArcher/GodOfArcher/Assets/Plugins/CodeStage/AntiCheatToolkit/Editor/Scripts/Editors/InjectionDetectorEditor.cs" />
        <File uid="437" fullPath="C:/Users/asahan/Desktop/Clicker-master/onethesoft/GodOfArcher/GodOfArcher/Assets/Plugins/CodeStage/AntiCheatToolkit/Editor/Scripts/Editors/KeepAliveBehaviourEditor.cs" />
        <File uid="438" fullPath="C:/Users/asahan/Desktop/Clicker-master/onethesoft/GodOfArcher/GodOfArcher/Assets/Plugins/CodeStage/AntiCheatToolkit/Editor/Scripts/Editors/ObscuredCheatingDetectorEditor.cs" />
        <File uid="439" fullPath="C:/Users/asahan/Desktop/Clicker-master/onethesoft/GodOfArcher/GodOfArcher/Assets/Plugins/CodeStage/AntiCheatToolkit/Editor/Scripts/Editors/SpeedHackDetectorEditor.cs" />
        <File uid="440" fullPath="C:/Users/asahan/Desktop/Clicker-master/onethesoft/GodOfArcher/GodOfArcher/Assets/Plugins/CodeStage/AntiCheatToolkit/Editor/Scripts/Editors/TimeCheatingDetectorEditor.cs" />
        <File uid="441" fullPath="C:/Users/asahan/Desktop/Clicker-master/onethesoft/GodOfArcher/GodOfArcher/Assets/Plugins/CodeStage/AntiCheatToolkit/Editor/Scripts/Editors/WallHackDetectorEditor.cs" />
      </Files>
      <Classes>
        <Class>
          <Summary numSequencePoints="41" visitedSequencePoints="27" numBranchPoints="0" visitedBranchPoints="0" sequenceCoverage="65.85" branchCoverage="0.0" maxCyclomaticComplexity="0" minCyclomaticComplexity="0" maxCrapScore="0" minCrapScore="0" visitedClasses="1" numClasses="1" visitedMethods="6" numMethods="6" />
          <FullName>CodeStage.AntiCheat.EditorCode.ACTkSettings</FullName>
          <Methods>
            <Method visited="true" cyclomaticComplexity="0" nPathComplexity="0" sequenceCoverage="100.0" branchCoverage="0" crapScore="0" isConstructor="false" isStatic="true" isGetter="true" isSetter="false">
              <Summary numSequencePoints="6" visitedSequencePoints="6" numBranchPoints="0" visitedBranchPoints="0" sequenceCoverage="100.0" branchCoverage="0" maxCyclomaticComplexity="0" minCyclomaticComplexity="0" maxCrapScore="0" minCrapScore="0" visitedClasses="0" numClasses="0" visitedMethods="1" numMethods="1" />
              <MetadataToken>100663535</MetadataToken>
              <Name>static CodeStage.AntiCheat.EditorCode.ACTkSettings CodeStage.AntiCheat.EditorCode.ACTkSettings::get_Instance()</Name>
              <FileRef uid="405" />
              <SequencePoints>
                <SequencePoint vc="2" uspid="198038" ordinal="0" offset="0" sl="57" sc="4" el="57" ec="4" bec="0" bev="0" fileid="405" />
                <SequencePoint vc="2" uspid="198039" ordinal="0" offset="1" sl="58" sc="5" el="58" ec="5" bec="0" bev="0" fileid="405" />
                <SequencePoint vc="1" uspid="198040" ordinal="0" offset="16" sl="58" sc="27" el="58" ec="27" bec="0" bev="0" fileid="405" />
                <SequencePoint vc="1" uspid="198041" ordinal="0" offset="24" sl="59" sc="5" el="59" ec="5" bec="0" bev="0" fileid="405" />
                <SequencePoint vc="1" uspid="198042" ordinal="0" offset="34" sl="60" sc="5" el="60" ec="5" bec="0" bev="0" fileid="405" />
                <SequencePoint vc="2" uspid="198043" ordinal="0" offset="42" sl="61" sc="4" el="61" ec="4" bec="0" bev="0" fileid="405" />
              </SequencePoints>
              <BranchPoints />
            </Method>
            <Method visited="true" cyclomaticComplexity="0" nPathComplexity="0" sequenceCoverage="100.0" branchCoverage="0" crapScore="0" isConstructor="false" isStatic="false" isGetter="true" isSetter="false">
              <Summary numSequencePoints="1" visitedSequencePoints="1" numBranchPoints="0" visitedBranchPoints="0" sequenceCoverage="100.0" branchCoverage="0" maxCyclomaticComplexity="0" minCyclomaticComplexity="0" maxCrapScore="0" minCrapScore="0" visitedClasses="0" numClasses="0" visitedMethods="1" numMethods="1" />
              <MetadataToken>100663541</MetadataToken>
              <Name>System.Boolean CodeStage.AntiCheat.EditorCode.ACTkSettings::get_DisableInjectionDetectorValidation()</Name>
              <FileRef uid="405" />
              <SequencePoints>
                <SequencePoint vc="1" uspid="198057" ordinal="0" offset="0" sl="91" sc="11" el="91" ec="11" bec="0" bev="0" fileid="405" />
              </SequencePoints>
              <BranchPoints />
            </Method>
            <Method visited="true" cyclomaticComplexity="0" nPathComplexity="0" sequenceCoverage="100.0" branchCoverage="0" crapScore="0" isConstructor="false" isStatic="false" isGetter="true" isSetter="false">
              <Summary numSequencePoints="1" visitedSequencePoints="1" numBranchPoints="0" visitedBranchPoints="0" sequenceCoverage="100.0" branchCoverage="0" maxCyclomaticComplexity="0" minCyclomaticComplexity="0" maxCrapScore="0" minCrapScore="0" visitedClasses="0" numClasses="0" visitedMethods="1" numMethods="1" />
              <MetadataToken>100663543</MetadataToken>
              <Name>System.Boolean CodeStage.AntiCheat.EditorCode.ACTkSettings::get_DisableWallhackDetectorShaderValidation()</Name>
              <FileRef uid="405" />
              <SequencePoints>
                <SequencePoint vc="1" uspid="198062" ordinal="0" offset="0" sl="101" sc="11" el="101" ec="11" bec="0" bev="0" fileid="405" />
              </SequencePoints>
              <BranchPoints />
            </Method>
            <Method visited="true" cyclomaticComplexity="0" nPathComplexity="0" sequenceCoverage="55.00" branchCoverage="0" crapScore="0" isConstructor="false" isStatic="true" isGetter="false" isSetter="false">
              <Summary numSequencePoints="20" visitedSequencePoints="11" numBranchPoints="0" visitedBranchPoints="0" sequenceCoverage="55.00" branchCoverage="0" maxCyclomaticComplexity="0" minCyclomaticComplexity="0" maxCrapScore="0" minCrapScore="0" visitedClasses="0" numClasses="0" visitedMethods="1" numMethods="1" />
              <MetadataToken>100663551</MetadataToken>
              <Name>static CodeStage.AntiCheat.EditorCode.ACTkSettings CodeStage.AntiCheat.EditorCode.ACTkSettings::LoadOrCreate()</Name>
              <FileRef uid="405" />
              <SequencePoints>
                <SequencePoint vc="1" uspid="198084" ordinal="0" offset="0" sl="141" sc="3" el="141" ec="3" bec="0" bev="0" fileid="405" />
                <SequencePoint vc="1" uspid="198085" ordinal="0" offset="1" sl="144" sc="4" el="144" ec="4" bec="0" bev="0" fileid="405" />
                <SequencePoint vc="0" uspid="198086" ordinal="0" offset="18" sl="145" sc="4" el="145" ec="4" bec="0" bev="0" fileid="405" />
                <SequencePoint vc="0" uspid="198087" ordinal="0" offset="19" sl="146" sc="5" el="146" ec="5" bec="0" bev="0" fileid="405" />
                <SequencePoint vc="0" uspid="198088" ordinal="0" offset="25" sl="147" sc="4" el="147" ec="4" bec="0" bev="0" fileid="405" />
                <SequencePoint vc="1" uspid="198089" ordinal="0" offset="28" sl="149" sc="4" el="149" ec="4" bec="0" bev="0" fileid="405" />
                <SequencePoint vc="1" uspid="198090" ordinal="0" offset="29" sl="150" sc="5" el="150" ec="5" bec="0" bev="0" fileid="405" />
                <SequencePoint vc="1" uspid="198091" ordinal="0" offset="35" sl="152" sc="5" el="152" ec="5" bec="0" bev="0" fileid="405" />
                <SequencePoint vc="0" uspid="198092" ordinal="0" offset="46" sl="153" sc="5" el="153" ec="5" bec="0" bev="0" fileid="405" />
                <SequencePoint vc="0" uspid="198093" ordinal="0" offset="47" sl="154" sc="6" el="154" ec="6" bec="0" bev="0" fileid="405" />
                <SequencePoint vc="0" uspid="198094" ordinal="0" offset="58" sl="155" sc="6" el="155" ec="6" bec="0" bev="0" fileid="405" />
                <SequencePoint vc="0" uspid="198095" ordinal="0" offset="64" sl="156" sc="5" el="156" ec="5" bec="0" bev="0" fileid="405" />
                <SequencePoint vc="1" uspid="198096" ordinal="0" offset="65" sl="158" sc="5" el="158" ec="5" bec="0" bev="0" fileid="405" />
                <SequencePoint vc="0" uspid="198097" ordinal="0" offset="85" sl="159" sc="5" el="159" ec="5" bec="0" bev="0" fileid="405" />
                <SequencePoint vc="0" uspid="198098" ordinal="0" offset="86" sl="161" sc="5" el="161" ec="5" bec="0" bev="0" fileid="405" />
                <SequencePoint vc="1" uspid="198099" ordinal="0" offset="87" sl="162" sc="4" el="162" ec="4" bec="0" bev="0" fileid="405" />
                <SequencePoint vc="1" uspid="198100" ordinal="0" offset="88" sl="164" sc="4" el="164" ec="4" bec="0" bev="0" fileid="405" />
                <SequencePoint vc="1" uspid="198101" ordinal="0" offset="97" sl="165" sc="4" el="165" ec="4" bec="0" bev="0" fileid="405" />
                <SequencePoint vc="1" uspid="198102" ordinal="0" offset="108" sl="167" sc="4" el="167" ec="4" bec="0" bev="0" fileid="405" />
                <SequencePoint vc="1" uspid="198103" ordinal="0" offset="113" sl="168" sc="3" el="168" ec="3" bec="0" bev="0" fileid="405" />
              </SequencePoints>
              <BranchPoints />
            </Method>
            <Method visited="true" cyclomaticComplexity="0" nPathComplexity="0" sequenceCoverage="54.55" branchCoverage="0" crapScore="0" isConstructor="false" isStatic="true" isGetter="false" isSetter="false">
              <Summary numSequencePoints="11" visitedSequencePoints="6" numBranchPoints="0" visitedBranchPoints="0" sequenceCoverage="54.55" branchCoverage="0" maxCyclomaticComplexity="0" minCyclomaticComplexity="0" maxCrapScore="0" minCrapScore="0" visitedClasses="0" numClasses="0" visitedMethods="1" numMethods="1" />
              <MetadataToken>100663554</MetadataToken>
              <Name>static CodeStage.AntiCheat.EditorCode.ACTkSettings CodeStage.AntiCheat.EditorCode.ACTkSettings::LoadInstance()</Name>
              <FileRef uid="405" />
              <SequencePoints>
                <SequencePoint vc="1" uspid="198120" ordinal="0" offset="0" sl="193" sc="3" el="193" ec="3" bec="0" bev="0" fileid="405" />
                <SequencePoint vc="1" uspid="198121" ordinal="0" offset="1" sl="197" sc="4" el="197" ec="4" bec="0" bev="0" fileid="405" />
                <SequencePoint vc="1" uspid="198122" ordinal="0" offset="2" sl="198" sc="5" el="198" ec="5" bec="0" bev="0" fileid="405" />
                <SequencePoint vc="1" uspid="198123" ordinal="0" offset="20" sl="199" sc="4" el="199" ec="4" bec="0" bev="0" fileid="405" />
                <SequencePoint vc="0" uspid="198124" ordinal="0" offset="23" sl="200" sc="4" el="200" ec="4" bec="0" bev="0" fileid="405" />
                <SequencePoint vc="0" uspid="198125" ordinal="0" offset="24" sl="201" sc="4" el="201" ec="4" bec="0" bev="0" fileid="405" />
                <SequencePoint vc="0" uspid="198126" ordinal="0" offset="25" sl="202" sc="5" el="202" ec="5" bec="0" bev="0" fileid="405" />
                <SequencePoint vc="0" uspid="198127" ordinal="0" offset="52" sl="205" sc="5" el="205" ec="5" bec="0" bev="0" fileid="405" />
                <SequencePoint vc="0" uspid="198128" ordinal="0" offset="54" sl="206" sc="4" el="206" ec="4" bec="0" bev="0" fileid="405" />
                <SequencePoint vc="1" uspid="198129" ordinal="0" offset="57" sl="208" sc="4" el="208" ec="4" bec="0" bev="0" fileid="405" />
                <SequencePoint vc="1" uspid="198130" ordinal="0" offset="61" sl="209" sc="3" el="209" ec="3" bec="0" bev="0" fileid="405" />
              </SequencePoints>
              <BranchPoints />
            </Method>
            <Method visited="true" cyclomaticComplexity="0" nPathComplexity="0" sequenceCoverage="100.0" branchCoverage="0" crapScore="0" isConstructor="true" isStatic="false" isGetter="false" isSetter="false">
              <Summary numSequencePoints="2" visitedSequencePoints="2" numBranchPoints="0" visitedBranchPoints="0" sequenceCoverage="100.0" branchCoverage="0" maxCyclomaticComplexity="0" minCyclomaticComplexity="0" maxCrapScore="0" minCrapScore="0" visitedClasses="0" numClasses="0" visitedMethods="1" numMethods="1" />
              <MetadataToken>100663556</MetadataToken>
              <Name>CodeStage.AntiCheat.EditorCode.ACTkSettings::ACTkSettings()</Name>
              <FileRef uid="405" />
              <SequencePoints>
                <SequencePoint vc="1" uspid="198135" ordinal="0" offset="0" sl="48" sc="3" el="48" ec="3" bec="0" bev="0" fileid="405" />
                <SequencePoint vc="1" uspid="198136" ordinal="0" offset="11" sl="51" sc="3" el="51" ec="3" bec="0" bev="0" fileid="405" />
              </SequencePoints>
              <BranchPoints />
            </Method>
          </Methods>
        </Class>
        <Class>
          <Summary numSequencePoints="54" visitedSequencePoints="14" numBranchPoints="0" visitedBranchPoints="0" sequenceCoverage="25.93" branchCoverage="0.0" maxCyclomaticComplexity="0" minCyclomaticComplexity="0" maxCrapScore="0" minCrapScore="0" visitedClasses="1" numClasses="1" visitedMethods="1" numMethods="1" />
          <FullName>CodeStage.AntiCheat.EditorCode.Validation.SettingsValidator</FullName>
          <Methods>
            <Method visited="true" cyclomaticComplexity="0" nPathComplexity="0" sequenceCoverage="25.93" branchCoverage="0" crapScore="0" isConstructor="false" isStatic="true" isGetter="false" isSetter="false">
              <Summary numSequencePoints="54" visitedSequencePoints="14" numBranchPoints="0" visitedBranchPoints="0" sequenceCoverage="25.93" branchCoverage="0" maxCyclomaticComplexity="0" minCyclomaticComplexity="0" maxCrapScore="0" minCrapScore="0" visitedClasses="0" numClasses="0" visitedMethods="1" numMethods="1" />
              <MetadataToken>100663661</MetadataToken>
              <Name>static System.Void CodeStage.AntiCheat.EditorCode.Validation.SettingsValidator::OnHierarchyChanged()</Name>
              <FileRef uid="415" />
              <SequencePoints>
                <SequencePoint vc="1" uspid="199107" ordinal="0" offset="0" sl="24" sc="3" el="24" ec="3" bec="0" bev="0" fileid="415" />
                <SequencePoint vc="1" uspid="199108" ordinal="0" offset="1" sl="25" sc="4" el="25" ec="4" bec="0" bev="0" fileid="415" />
                <SequencePoint vc="1" uspid="199109" ordinal="0" offset="31" sl="26" sc="4" el="26" ec="4" bec="0" bev="0" fileid="415" />
                <SequencePoint vc="1" uspid="199110" ordinal="0" offset="32" sl="27" sc="5" el="27" ec="5" bec="0" bev="0" fileid="415" />
                <SequencePoint vc="1" uspid="199111" ordinal="0" offset="38" sl="28" sc="5" el="28" ec="5" bec="0" bev="0" fileid="415" />
                <SequencePoint vc="0" uspid="199112" ordinal="0" offset="49" sl="29" sc="5" el="29" ec="5" bec="0" bev="0" fileid="415" />
                <SequencePoint vc="0" uspid="199113" ordinal="0" offset="50" sl="30" sc="6" el="30" ec="6" bec="0" bev="0" fileid="415" />
                <SequencePoint vc="0" uspid="199114" ordinal="0" offset="59" sl="31" sc="6" el="31" ec="6" bec="0" bev="0" fileid="415" />
                <SequencePoint vc="0" uspid="199115" ordinal="0" offset="60" sl="32" sc="7" el="32" ec="7" bec="0" bev="0" fileid="415" />
                <SequencePoint vc="0" uspid="199116" ordinal="0" offset="79" sl="33" sc="7" el="33" ec="7" bec="0" bev="0" fileid="415" />
                <SequencePoint vc="0" uspid="199117" ordinal="0" offset="80" sl="34" sc="8" el="34" ec="8" bec="0" bev="0" fileid="415" />
                <SequencePoint vc="0" uspid="199118" ordinal="0" offset="112" sl="39" sc="8" el="39" ec="8" bec="0" bev="0" fileid="415" />
                <SequencePoint vc="0" uspid="199119" ordinal="0" offset="133" sl="42" sc="10" el="42" ec="10" bec="0" bev="0" fileid="415" />
                <SequencePoint vc="0" uspid="199120" ordinal="0" offset="145" sl="43" sc="10" el="43" ec="10" bec="0" bev="0" fileid="415" />
                <SequencePoint vc="0" uspid="199121" ordinal="0" offset="147" sl="45" sc="10" el="45" ec="10" bec="0" bev="0" fileid="415" />
                <SequencePoint vc="0" uspid="199122" ordinal="0" offset="153" sl="46" sc="10" el="46" ec="10" bec="0" bev="0" fileid="415" />
                <SequencePoint vc="0" uspid="199123" ordinal="0" offset="158" sl="48" sc="10" el="48" ec="10" bec="0" bev="0" fileid="415" />
                <SequencePoint vc="0" uspid="199124" ordinal="0" offset="170" sl="49" sc="10" el="49" ec="10" bec="0" bev="0" fileid="415" />
                <SequencePoint vc="0" uspid="199125" ordinal="0" offset="172" sl="51" sc="7" el="51" ec="7" bec="0" bev="0" fileid="415" />
                <SequencePoint vc="0" uspid="199126" ordinal="0" offset="173" sl="52" sc="6" el="52" ec="6" bec="0" bev="0" fileid="415" />
                <SequencePoint vc="0" uspid="199127" ordinal="0" offset="174" sl="53" sc="5" el="53" ec="5" bec="0" bev="0" fileid="415" />
                <SequencePoint vc="1" uspid="199128" ordinal="0" offset="175" sl="54" sc="5" el="54" ec="5" bec="0" bev="0" fileid="415" />
                <SequencePoint vc="1" uspid="199129" ordinal="0" offset="181" sl="55" sc="4" el="55" ec="4" bec="0" bev="0" fileid="415" />
                <SequencePoint vc="1" uspid="199130" ordinal="0" offset="182" sl="57" sc="4" el="57" ec="4" bec="0" bev="0" fileid="415" />
                <SequencePoint vc="1" uspid="199131" ordinal="0" offset="229" sl="60" sc="4" el="60" ec="4" bec="0" bev="0" fileid="415" />
                <SequencePoint vc="1" uspid="199132" ordinal="0" offset="230" sl="61" sc="5" el="61" ec="5" bec="0" bev="0" fileid="415" />
                <SequencePoint vc="1" uspid="199133" ordinal="0" offset="237" sl="62" sc="5" el="62" ec="5" bec="0" bev="0" fileid="415" />
                <SequencePoint vc="0" uspid="199134" ordinal="0" offset="254" sl="63" sc="5" el="63" ec="5" bec="0" bev="0" fileid="415" />
                <SequencePoint vc="0" uspid="199135" ordinal="0" offset="255" sl="64" sc="6" el="64" ec="6" bec="0" bev="0" fileid="415" />
                <SequencePoint vc="0" uspid="199136" ordinal="0" offset="293" sl="67" sc="6" el="67" ec="6" bec="0" bev="0" fileid="415" />
                <SequencePoint vc="0" uspid="199137" ordinal="0" offset="294" sl="68" sc="7" el="68" ec="7" bec="0" bev="0" fileid="415" />
                <SequencePoint vc="0" uspid="199138" ordinal="0" offset="321" sl="74" sc="7" el="74" ec="7" bec="0" bev="0" fileid="415" />
                <SequencePoint vc="0" uspid="199139" ordinal="0" offset="329" sl="75" sc="7" el="75" ec="7" bec="0" bev="0" fileid="415" />
                <SequencePoint vc="0" uspid="199140" ordinal="0" offset="330" sl="76" sc="8" el="76" ec="8" bec="0" bev="0" fileid="415" />
                <SequencePoint vc="0" uspid="199141" ordinal="0" offset="337" sl="77" sc="8" el="77" ec="8" bec="0" bev="0" fileid="415" />
                <SequencePoint vc="0" uspid="199142" ordinal="0" offset="343" sl="78" sc="8" el="78" ec="8" bec="0" bev="0" fileid="415" />
                <SequencePoint vc="0" uspid="199143" ordinal="0" offset="349" sl="79" sc="8" el="79" ec="8" bec="0" bev="0" fileid="415" />
                <SequencePoint vc="0" uspid="199144" ordinal="0" offset="354" sl="82" sc="7" el="82" ec="7" bec="0" bev="0" fileid="415" />
                <SequencePoint vc="0" uspid="199145" ordinal="0" offset="366" sl="83" sc="6" el="83" ec="6" bec="0" bev="0" fileid="415" />
                <SequencePoint vc="0" uspid="199146" ordinal="0" offset="367" sl="85" sc="6" el="85" ec="6" bec="0" bev="0" fileid="415" />
                <SequencePoint vc="0" uspid="199147" ordinal="0" offset="403" sl="88" sc="6" el="88" ec="6" bec="0" bev="0" fileid="415" />
                <SequencePoint vc="0" uspid="199148" ordinal="0" offset="404" sl="89" sc="7" el="89" ec="7" bec="0" bev="0" fileid="415" />
                <SequencePoint vc="0" uspid="199149" ordinal="0" offset="431" sl="97" sc="7" el="97" ec="7" bec="0" bev="0" fileid="415" />
                <SequencePoint vc="0" uspid="199150" ordinal="0" offset="439" sl="98" sc="7" el="98" ec="7" bec="0" bev="0" fileid="415" />
                <SequencePoint vc="0" uspid="199151" ordinal="0" offset="440" sl="99" sc="8" el="99" ec="8" bec="0" bev="0" fileid="415" />
                <SequencePoint vc="0" uspid="199152" ordinal="0" offset="447" sl="100" sc="8" el="100" ec="8" bec="0" bev="0" fileid="415" />
                <SequencePoint vc="0" uspid="199153" ordinal="0" offset="453" sl="101" sc="8" el="101" ec="8" bec="0" bev="0" fileid="415" />
                <SequencePoint vc="0" uspid="199154" ordinal="0" offset="459" sl="103" sc="8" el="103" ec="8" bec="0" bev="0" fileid="415" />
                <SequencePoint vc="0" uspid="199155" ordinal="0" offset="461" sl="106" sc="7" el="106" ec="7" bec="0" bev="0" fileid="415" />
                <SequencePoint vc="0" uspid="199156" ordinal="0" offset="473" sl="107" sc="6" el="107" ec="6" bec="0" bev="0" fileid="415" />
                <SequencePoint vc="0" uspid="199157" ordinal="0" offset="474" sl="108" sc="5" el="108" ec="5" bec="0" bev="0" fileid="415" />
                <SequencePoint vc="1" uspid="199158" ordinal="0" offset="475" sl="109" sc="5" el="109" ec="5" bec="0" bev="0" fileid="415" />
                <SequencePoint vc="1" uspid="199159" ordinal="0" offset="481" sl="110" sc="4" el="110" ec="4" bec="0" bev="0" fileid="415" />
                <SequencePoint vc="1" uspid="199160" ordinal="0" offset="482" sl="111" sc="3" el="111" ec="3" bec="0" bev="0" fileid="415" />
              </SequencePoints>
              <BranchPoints />
            </Method>
          </Methods>
        </Class>
      </Classes>
    </Module>
    <Module>
      <Summary numSequencePoints="1272" visitedSequencePoints="966" numBranchPoints="0" visitedBranchPoints="0" sequenceCoverage="75.94" branchCoverage="0.0" maxCyclomaticComplexity="0" minCyclomaticComplexity="0" maxCrapScore="0" minCrapScore="0" visitedClasses="33" numClasses="33" visitedMethods="162" numMethods="162" />
      <ModuleTime>0001-01-01T00:00:00</ModuleTime>
      <ModuleName>UnityEngine.UI</ModuleName>
      <Files>
        <File uid="512" fullPath="C:/Users/asahan/Desktop/Clicker-master/onethesoft/GodOfArcher/GodOfArcher/Library/PackageCache/com.unity.ugui@1.0.0/Runtime/UI/Core/AnimationTriggers.cs" />
        <File uid="513" fullPath="C:/Users/asahan/Desktop/Clicker-master/onethesoft/GodOfArcher/GodOfArcher/Library/PackageCache/com.unity.ugui@1.0.0/Runtime/UI/Core/Button.cs" />
        <File uid="514" fullPath="C:/Users/asahan/Desktop/Clicker-master/onethesoft/GodOfArcher/GodOfArcher/Library/PackageCache/com.unity.ugui@1.0.0/Runtime/UI/Core/CanvasUpdateRegistry.cs" />
        <File uid="515" fullPath="C:/Users/asahan/Desktop/Clicker-master/onethesoft/GodOfArcher/GodOfArcher/Library/PackageCache/com.unity.ugui@1.0.0/Runtime/UI/Core/ColorBlock.cs" />
        <File uid="516" fullPath="C:/Users/asahan/Desktop/Clicker-master/onethesoft/GodOfArcher/GodOfArcher/Library/PackageCache/com.unity.ugui@1.0.0/Runtime/UI/Core/Culling/ClipperRegistry.cs" />
        <File uid="517" fullPath="C:/Users/asahan/Desktop/Clicker-master/onethesoft/GodOfArcher/GodOfArcher/Library/PackageCache/com.unity.ugui@1.0.0/Runtime/UI/Core/Culling/Clipping.cs" />
        <File uid="518" fullPath="C:/Users/asahan/Desktop/Clicker-master/onethesoft/GodOfArcher/GodOfArcher/Library/PackageCache/com.unity.ugui@1.0.0/Runtime/UI/Core/Culling/RectangularVertexClipper.cs" />
        <File uid="519" fullPath="C:/Users/asahan/Desktop/Clicker-master/onethesoft/GodOfArcher/GodOfArcher/Library/PackageCache/com.unity.ugui@1.0.0/Runtime/UI/Core/DefaultControls.cs" />
        <File uid="520" fullPath="C:/Users/asahan/Desktop/Clicker-master/onethesoft/GodOfArcher/GodOfArcher/Library/PackageCache/com.unity.ugui@1.0.0/Runtime/UI/Core/Dropdown.cs" />
        <File uid="521" fullPath="C:/Users/asahan/Desktop/Clicker-master/onethesoft/GodOfArcher/GodOfArcher/Library/PackageCache/com.unity.ugui@1.0.0/Runtime/UI/Core/FontData.cs" />
        <File uid="522" fullPath="C:/Users/asahan/Desktop/Clicker-master/onethesoft/GodOfArcher/GodOfArcher/Library/PackageCache/com.unity.ugui@1.0.0/Runtime/UI/Core/FontUpdateTracker.cs" />
        <File uid="523" fullPath="C:/Users/asahan/Desktop/Clicker-master/onethesoft/GodOfArcher/GodOfArcher/Library/PackageCache/com.unity.ugui@1.0.0/Runtime/UI/Core/Graphic.cs" />
        <File uid="524" fullPath="C:/Users/asahan/Desktop/Clicker-master/onethesoft/GodOfArcher/GodOfArcher/Library/PackageCache/com.unity.ugui@1.0.0/Runtime/UI/Core/GraphicRaycaster.cs" />
        <File uid="525" fullPath="C:/Users/asahan/Desktop/Clicker-master/onethesoft/GodOfArcher/GodOfArcher/Library/PackageCache/com.unity.ugui@1.0.0/Runtime/UI/Core/GraphicRebuildTracker.cs" />
        <File uid="526" fullPath="C:/Users/asahan/Desktop/Clicker-master/onethesoft/GodOfArcher/GodOfArcher/Library/PackageCache/com.unity.ugui@1.0.0/Runtime/UI/Core/GraphicRegistry.cs" />
        <File uid="527" fullPath="C:/Users/asahan/Desktop/Clicker-master/onethesoft/GodOfArcher/GodOfArcher/Library/PackageCache/com.unity.ugui@1.0.0/Runtime/UI/Core/Image.cs" />
        <File uid="528" fullPath="C:/Users/asahan/Desktop/Clicker-master/onethesoft/GodOfArcher/GodOfArcher/Library/PackageCache/com.unity.ugui@1.0.0/Runtime/UI/Core/InputField.cs" />
        <File uid="529" fullPath="C:/Users/asahan/Desktop/Clicker-master/onethesoft/GodOfArcher/GodOfArcher/Library/PackageCache/com.unity.ugui@1.0.0/Runtime/UI/Core/Layout/AspectRatioFitter.cs" />
        <File uid="530" fullPath="C:/Users/asahan/Desktop/Clicker-master/onethesoft/GodOfArcher/GodOfArcher/Library/PackageCache/com.unity.ugui@1.0.0/Runtime/UI/Core/Layout/CanvasScaler.cs" />
        <File uid="531" fullPath="C:/Users/asahan/Desktop/Clicker-master/onethesoft/GodOfArcher/GodOfArcher/Library/PackageCache/com.unity.ugui@1.0.0/Runtime/UI/Core/Layout/ContentSizeFitter.cs" />
        <File uid="532" fullPath="C:/Users/asahan/Desktop/Clicker-master/onethesoft/GodOfArcher/GodOfArcher/Library/PackageCache/com.unity.ugui@1.0.0/Runtime/UI/Core/Layout/GridLayoutGroup.cs" />
        <File uid="533" fullPath="C:/Users/asahan/Desktop/Clicker-master/onethesoft/GodOfArcher/GodOfArcher/Library/PackageCache/com.unity.ugui@1.0.0/Runtime/UI/Core/Layout/HorizontalLayoutGroup.cs" />
        <File uid="534" fullPath="C:/Users/asahan/Desktop/Clicker-master/onethesoft/GodOfArcher/GodOfArcher/Library/PackageCache/com.unity.ugui@1.0.0/Runtime/UI/Core/Layout/HorizontalOrVerticalLayoutGroup.cs" />
        <File uid="535" fullPath="C:/Users/asahan/Desktop/Clicker-master/onethesoft/GodOfArcher/GodOfArcher/Library/PackageCache/com.unity.ugui@1.0.0/Runtime/UI/Core/Layout/LayoutElement.cs" />
        <File uid="536" fullPath="C:/Users/asahan/Desktop/Clicker-master/onethesoft/GodOfArcher/GodOfArcher/Library/PackageCache/com.unity.ugui@1.0.0/Runtime/UI/Core/Layout/LayoutGroup.cs" />
        <File uid="537" fullPath="C:/Users/asahan/Desktop/Clicker-master/onethesoft/GodOfArcher/GodOfArcher/Library/PackageCache/com.unity.ugui@1.0.0/Runtime/UI/Core/Layout/LayoutRebuilder.cs" />
        <File uid="538" fullPath="C:/Users/asahan/Desktop/Clicker-master/onethesoft/GodOfArcher/GodOfArcher/Library/PackageCache/com.unity.ugui@1.0.0/Runtime/UI/Core/Layout/LayoutUtility.cs" />
        <File uid="539" fullPath="C:/Users/asahan/Desktop/Clicker-master/onethesoft/GodOfArcher/GodOfArcher/Library/PackageCache/com.unity.ugui@1.0.0/Runtime/UI/Core/Layout/VerticalLayoutGroup.cs" />
        <File uid="540" fullPath="C:/Users/asahan/Desktop/Clicker-master/onethesoft/GodOfArcher/GodOfArcher/Library/PackageCache/com.unity.ugui@1.0.0/Runtime/UI/Core/Mask.cs" />
        <File uid="541" fullPath="C:/Users/asahan/Desktop/Clicker-master/onethesoft/GodOfArcher/GodOfArcher/Library/PackageCache/com.unity.ugui@1.0.0/Runtime/UI/Core/MaskUtilities.cs" />
        <File uid="542" fullPath="C:/Users/asahan/Desktop/Clicker-master/onethesoft/GodOfArcher/GodOfArcher/Library/PackageCache/com.unity.ugui@1.0.0/Runtime/UI/Core/MaskableGraphic.cs" />
        <File uid="543" fullPath="C:/Users/asahan/Desktop/Clicker-master/onethesoft/GodOfArcher/GodOfArcher/Library/PackageCache/com.unity.ugui@1.0.0/Runtime/UI/Core/Misc.cs" />
        <File uid="544" fullPath="C:/Users/asahan/Desktop/Clicker-master/onethesoft/GodOfArcher/GodOfArcher/Library/PackageCache/com.unity.ugui@1.0.0/Runtime/UI/Core/MultipleDisplayUtilities.cs" />
[...]
          <Methods>
            <Method visited="true" cyclomaticComplexity="0" nPathComplexity="0" sequenceCoverage="73.33" branchCoverage="0" crapScore="0" isConstructor="false" isStatic="true" isGetter="false" isSetter="false">
              <Summary numSequencePoints="30" visitedSequencePoints="22" numBranchPoints="0" visitedBranchPoints="0" sequenceCoverage="73.33" branchCoverage="0" maxCyclomaticComplexity="0" minCyclomaticComplexity="0" maxCrapScore="0" minCrapScore="0" visitedClasses="0" numClasses="0" visitedMethods="1" numMethods="1" />
              <MetadataToken>100663927</MetadataToken>
              <Name>static System.Void Spine.Unity.Editor.SpineEditorUtilities/HierarchyHandler::IconsOnChanged()</Name>
              <FileRef uid="824" />
              <SequencePoints>
                <SequencePoint vc="1" uspid="269660" ordinal="0" offset="0" sl="310" sc="43" el="310" ec="43" bec="0" bev="0" fileid="824" />
                <SequencePoint vc="1" uspid="269661" ordinal="0" offset="1" sl="311" sc="5" el="311" ec="5" bec="0" bev="0" fileid="824" />
                <SequencePoint vc="1" uspid="269662" ordinal="0" offset="12" sl="312" sc="5" el="312" ec="5" bec="0" bev="0" fileid="824" />
                <SequencePoint vc="1" uspid="269663" ordinal="0" offset="23" sl="313" sc="5" el="313" ec="5" bec="0" bev="0" fileid="824" />
                <SequencePoint vc="1" uspid="269664" ordinal="0" offset="34" sl="314" sc="5" el="314" ec="5" bec="0" bev="0" fileid="824" />
                <SequencePoint vc="1" uspid="269665" ordinal="0" offset="45" sl="316" sc="5" el="316" ec="5" bec="0" bev="0" fileid="824" />
                <SequencePoint vc="1" uspid="269666" ordinal="0" offset="51" sl="317" sc="5" el="317" ec="5" bec="0" bev="0" fileid="824" />
                <SequencePoint vc="1" uspid="269667" ordinal="0" offset="52" sl="317" sc="36" el="317" ec="36" bec="0" bev="0" fileid="824" />
                <SequencePoint vc="0" uspid="269668" ordinal="0" offset="60" sl="317" sc="14" el="317" ec="14" bec="0" bev="0" fileid="824" />
                <SequencePoint vc="0" uspid="269669" ordinal="0" offset="67" sl="318" sc="6" el="318" ec="6" bec="0" bev="0" fileid="824" />
                <SequencePoint vc="1" uspid="269670" ordinal="0" offset="103" sl="317" sc="33" el="317" ec="33" bec="0" bev="0" fileid="824" />
                <SequencePoint vc="1" uspid="269671" ordinal="0" offset="111" sl="320" sc="5" el="320" ec="5" bec="0" bev="0" fileid="824" />
                <SequencePoint vc="1" uspid="269672" ordinal="0" offset="117" sl="321" sc="5" el="321" ec="5" bec="0" bev="0" fileid="824" />
                <SequencePoint vc="1" uspid="269673" ordinal="0" offset="118" sl="321" sc="39" el="321" ec="39" bec="0" bev="0" fileid="824" />
                <SequencePoint vc="0" uspid="269674" ordinal="0" offset="126" sl="321" sc="14" el="321" ec="14" bec="0" bev="0" fileid="824" />
                <SequencePoint vc="0" uspid="269675" ordinal="0" offset="133" sl="322" sc="6" el="322" ec="6" bec="0" bev="0" fileid="824" />
                <SequencePoint vc="1" uspid="269676" ordinal="0" offset="164" sl="321" sc="36" el="321" ec="36" bec="0" bev="0" fileid="824" />
                <SequencePoint vc="1" uspid="269677" ordinal="0" offset="172" sl="324" sc="5" el="324" ec="5" bec="0" bev="0" fileid="824" />
                <SequencePoint vc="1" uspid="269678" ordinal="0" offset="178" sl="325" sc="5" el="325" ec="5" bec="0" bev="0" fileid="824" />
                <SequencePoint vc="1" uspid="269679" ordinal="0" offset="179" sl="325" sc="41" el="325" ec="41" bec="0" bev="0" fileid="824" />
                <SequencePoint vc="0" uspid="269680" ordinal="0" offset="187" sl="325" sc="14" el="325" ec="14" bec="0" bev="0" fileid="824" />
                <SequencePoint vc="0" uspid="269681" ordinal="0" offset="194" sl="326" sc="6" el="326" ec="6" bec="0" bev="0" fileid="824" />
                <SequencePoint vc="1" uspid="269682" ordinal="0" offset="225" sl="325" sc="38" el="325" ec="38" bec="0" bev="0" fileid="824" />
                <SequencePoint vc="1" uspid="269683" ordinal="0" offset="233" sl="328" sc="5" el="328" ec="5" bec="0" bev="0" fileid="824" />
                <SequencePoint vc="1" uspid="269684" ordinal="0" offset="239" sl="329" sc="5" el="329" ec="5" bec="0" bev="0" fileid="824" />
                <SequencePoint vc="1" uspid="269685" ordinal="0" offset="240" sl="329" sc="48" el="329" ec="48" bec="0" bev="0" fileid="824" />
                <SequencePoint vc="0" uspid="269686" ordinal="0" offset="248" sl="329" sc="14" el="329" ec="14" bec="0" bev="0" fileid="824" />
                <SequencePoint vc="0" uspid="269687" ordinal="0" offset="255" sl="330" sc="6" el="330" ec="6" bec="0" bev="0" fileid="824" />
                <SequencePoint vc="1" uspid="269688" ordinal="0" offset="286" sl="329" sc="45" el="329" ec="45" bec="0" bev="0" fileid="824" />
                <SequencePoint vc="1" uspid="269689" ordinal="0" offset="294" sl="331" sc="4" el="331" ec="4" bec="0" bev="0" fileid="824" />
              </SequencePoints>
              <BranchPoints />
            </Method>
            <Method visited="true" cyclomaticComplexity="0" nPathComplexity="0" sequenceCoverage="14.00" branchCoverage="0" crapScore="0" isConstructor="false" isStatic="true" isGetter="false" isSetter="false">
              <Summary numSequencePoints="50" visitedSequencePoints="7" numBranchPoints="0" visitedBranchPoints="0" sequenceCoverage="14.00" branchCoverage="0" maxCyclomaticComplexity="0" minCyclomaticComplexity="0" maxCrapScore="0" minCrapScore="0" visitedClasses="0" numClasses="0" visitedMethods="1" numMethods="1" />
              <MetadataToken>100663928</MetadataToken>
              <Name>static System.Void Spine.Unity.Editor.SpineEditorUtilities/HierarchyHandler::IconsOnGUI(System.Int32, UnityEngine.Rect)</Name>
              <FileRef uid="824" />
              <SequencePoints>
                <SequencePoint vc="8" uspid="269690" ordinal="0" offset="0" sl="333" sc="73" el="333" ec="73" bec="0" bev="0" fileid="824" />
                <SequencePoint vc="8" uspid="269691" ordinal="0" offset="1" sl="334" sc="5" el="334" ec="5" bec="0" bev="0" fileid="824" />
                <SequencePoint vc="8" uspid="269692" ordinal="0" offset="9" sl="335" sc="5" el="335" ec="5" bec="0" bev="0" fileid="824" />
                <SequencePoint vc="0" uspid="269693" ordinal="0" offset="24" sl="335" sc="56" el="335" ec="56" bec="0" bev="0" fileid="824" />
                <SequencePoint vc="0" uspid="269694" ordinal="0" offset="25" sl="336" sc="6" el="336" ec="6" bec="0" bev="0" fileid="824" />
                <SequencePoint vc="0" uspid="269695" ordinal="0" offset="46" sl="337" sc="6" el="337" ec="6" bec="0" bev="0" fileid="824" />
                <SequencePoint vc="0" uspid="269696" ordinal="0" offset="59" sl="338" sc="6" el="338" ec="6" bec="0" bev="0" fileid="824" />
                <SequencePoint vc="0" uspid="269697" ordinal="0" offset="71" sl="339" sc="5" el="339" ec="5" bec="0" bev="0" fileid="824" />
                <SequencePoint vc="8" uspid="269698" ordinal="0" offset="77" sl="339" sc="12" el="339" ec="12" bec="0" bev="0" fileid="824" />
                <SequencePoint vc="0" uspid="269699" ordinal="0" offset="95" sl="339" sc="66" el="339" ec="66" bec="0" bev="0" fileid="824" />
                <SequencePoint vc="0" uspid="269700" ordinal="0" offset="96" sl="340" sc="6" el="340" ec="6" bec="0" bev="0" fileid="824" />
                <SequencePoint vc="0" uspid="269701" ordinal="0" offset="116" sl="341" sc="6" el="341" ec="6" bec="0" bev="0" fileid="824" />
                <SequencePoint vc="0" uspid="269702" ordinal="0" offset="140" sl="341" sc="56" el="341" ec="56" bec="0" bev="0" fileid="824" />
                <SequencePoint vc="0" uspid="269703" ordinal="0" offset="141" sl="342" sc="7" el="342" ec="7" bec="0" bev="0" fileid="824" />
                <SequencePoint vc="0" uspid="269704" ordinal="0" offset="171" sl="343" sc="8" el="343" ec="8" bec="0" bev="0" fileid="824" />
                <SequencePoint vc="0" uspid="269705" ordinal="0" offset="191" sl="344" sc="7" el="344" ec="7" bec="0" bev="0" fileid="824" />
                <SequencePoint vc="0" uspid="269706" ordinal="0" offset="211" sl="345" sc="7" el="345" ec="7" bec="0" bev="0" fileid="824" />
                <SequencePoint vc="0" uspid="269707" ordinal="0" offset="224" sl="346" sc="7" el="346" ec="7" bec="0" bev="0" fileid="824" />
                <SequencePoint vc="0" uspid="269708" ordinal="0" offset="237" sl="347" sc="7" el="347" ec="7" bec="0" bev="0" fileid="824" />
                <SequencePoint vc="0" uspid="269709" ordinal="0" offset="262" sl="348" sc="8" el="348" ec="8" bec="0" bev="0" fileid="824" />
                <SequencePoint vc="0" uspid="269710" ordinal="0" offset="276" sl="350" sc="8" el="350" ec="8" bec="0" bev="0" fileid="824" />
                <SequencePoint vc="0" uspid="269711" ordinal="0" offset="288" sl="351" sc="6" el="351" ec="6" bec="0" bev="0" fileid="824" />
                <SequencePoint vc="0" uspid="269712" ordinal="0" offset="289" sl="352" sc="5" el="352" ec="5" bec="0" bev="0" fileid="824" />
                <SequencePoint vc="8" uspid="269713" ordinal="0" offset="295" sl="352" sc="12" el="352" ec="12" bec="0" bev="0" fileid="824" />
                <SequencePoint vc="0" uspid="269714" ordinal="0" offset="315" sl="352" sc="66" el="352" ec="66" bec="0" bev="0" fileid="824" />
                <SequencePoint vc="0" uspid="269715" ordinal="0" offset="316" sl="353" sc="6" el="353" ec="6" bec="0" bev="0" fileid="824" />
                <SequencePoint vc="0" uspid="269716" ordinal="0" offset="336" sl="354" sc="6" el="354" ec="6" bec="0" bev="0" fileid="824" />
                <SequencePoint vc="0" uspid="269717" ordinal="0" offset="359" sl="354" sc="56" el="354" ec="56" bec="0" bev="0" fileid="824" />
                <SequencePoint vc="0" uspid="269718" ordinal="0" offset="360" sl="355" sc="7" el="355" ec="7" bec="0" bev="0" fileid="824" />
                <SequencePoint vc="0" uspid="269719" ordinal="0" offset="390" sl="356" sc="8" el="356" ec="8" bec="0" bev="0" fileid="824" />
                <SequencePoint vc="0" uspid="269720" ordinal="0" offset="410" sl="357" sc="7" el="357" ec="7" bec="0" bev="0" fileid="824" />
                <SequencePoint vc="0" uspid="269721" ordinal="0" offset="430" sl="358" sc="7" el="358" ec="7" bec="0" bev="0" fileid="824" />
                <SequencePoint vc="0" uspid="269722" ordinal="0" offset="443" sl="359" sc="7" el="359" ec="7" bec="0" bev="0" fileid="824" />
                <SequencePoint vc="0" uspid="269723" ordinal="0" offset="456" sl="360" sc="7" el="360" ec="7" bec="0" bev="0" fileid="824" />
                <SequencePoint vc="0" uspid="269724" ordinal="0" offset="468" sl="361" sc="6" el="361" ec="6" bec="0" bev="0" fileid="824" />
                <SequencePoint vc="0" uspid="269725" ordinal="0" offset="469" sl="362" sc="5" el="362" ec="5" bec="0" bev="0" fileid="824" />
                <SequencePoint vc="8" uspid="269726" ordinal="0" offset="475" sl="362" sc="12" el="362" ec="12" bec="0" bev="0" fileid="824" />
                <SequencePoint vc="0" uspid="269727" ordinal="0" offset="495" sl="362" sc="73" el="362" ec="73" bec="0" bev="0" fileid="824" />
                <SequencePoint vc="0" uspid="269728" ordinal="0" offset="496" sl="363" sc="6" el="363" ec="6" bec="0" bev="0" fileid="824" />
                <SequencePoint vc="0" uspid="269729" ordinal="0" offset="516" sl="364" sc="6" el="364" ec="6" bec="0" bev="0" fileid="824" />
                <SequencePoint vc="0" uspid="269730" ordinal="0" offset="539" sl="364" sc="63" el="364" ec="63" bec="0" bev="0" fileid="824" />
                <SequencePoint vc="0" uspid="269731" ordinal="0" offset="540" sl="365" sc="7" el="365" ec="7" bec="0" bev="0" fileid="824" />
                <SequencePoint vc="0" uspid="269732" ordinal="0" offset="570" sl="366" sc="8" el="366" ec="8" bec="0" bev="0" fileid="824" />
                <SequencePoint vc="0" uspid="269733" ordinal="0" offset="590" sl="367" sc="7" el="367" ec="7" bec="0" bev="0" fileid="824" />
                <SequencePoint vc="0" uspid="269734" ordinal="0" offset="610" sl="368" sc="7" el="368" ec="7" bec="0" bev="0" fileid="824" />
                <SequencePoint vc="0" uspid="269735" ordinal="0" offset="623" sl="369" sc="7" el="369" ec="7" bec="0" bev="0" fileid="824" />
                <SequencePoint vc="0" uspid="269736" ordinal="0" offset="636" sl="370" sc="7" el="370" ec="7" bec="0" bev="0" fileid="824" />
                <SequencePoint vc="0" uspid="269737" ordinal="0" offset="648" sl="371" sc="6" el="371" ec="6" bec="0" bev="0" fileid="824" />
                <SequencePoint vc="0" uspid="269738" ordinal="0" offset="649" sl="372" sc="5" el="372" ec="5" bec="0" bev="0" fileid="824" />
                <SequencePoint vc="8" uspid="269739" ordinal="0" offset="650" sl="373" sc="4" el="373" ec="4" bec="0" bev="0" fileid="824" />
              </SequencePoints>
              <BranchPoints />
            </Method>
            <Method visited="true" cyclomaticComplexity="0" nPathComplexity="0" sequenceCoverage="19.51" branchCoverage="0" crapScore="0" isConstructor="false" isStatic="true" isGetter="false" isSetter="false">
              <Summary numSequencePoints="41" visitedSequencePoints="8" numBranchPoints="0" visitedBranchPoints="0" sequenceCoverage="19.51" branchCoverage="0" maxCyclomaticComplexity="0" minCyclomaticComplexity="0" maxCrapScore="0" minCrapScore="0" visitedClasses="0" numClasses="0" visitedMethods="1" numMethods="1" />
              <MetadataToken>100663929</MetadataToken>
              <Name>static System.Void Spine.Unity.Editor.SpineEditorUtilities/HierarchyHandler::HandleDragAndDrop(System.Int32, UnityEngine.Rect)</Name>
              <FileRef uid="824" />
              <SequencePoints>
                <SequencePoint vc="8" uspid="269740" ordinal="0" offset="0" sl="375" sc="80" el="375" ec="80" bec="0" bev="0" fileid="824" />
                <SequencePoint vc="8" uspid="269741" ordinal="0" offset="1" sl="378" sc="5" el="378" ec="5" bec="0" bev="0" fileid="824" />
                <SequencePoint vc="8" uspid="269742" ordinal="0" offset="7" sl="379" sc="5" el="379" ec="5" bec="0" bev="0" fileid="824" />
                <SequencePoint vc="8" uspid="269743" ordinal="0" offset="14" sl="380" sc="5" el="380" ec="5" bec="0" bev="0" fileid="824" />
                <SequencePoint vc="8" uspid="269744" ordinal="0" offset="20" sl="381" sc="5" el="381" ec="5" bec="0" bev="0" fileid="824" />
                <SequencePoint vc="8" uspid="269745" ordinal="0" offset="26" sl="382" sc="5" el="382" ec="5" bec="0" bev="0" fileid="824" />
                <SequencePoint vc="8" uspid="269746" ordinal="0" offset="33" sl="384" sc="5" el="384" ec="5" bec="0" bev="0" fileid="824" />
                <SequencePoint vc="0" uspid="269747" ordinal="0" offset="45" sl="384" sc="41" el="384" ec="41" bec="0" bev="0" fileid="824" />
                <SequencePoint vc="0" uspid="269748" ordinal="0" offset="46" sl="385" sc="6" el="385" ec="6" bec="0" bev="0" fileid="824" />
                <SequencePoint vc="0" uspid="269749" ordinal="0" offset="53" sl="386" sc="6" el="386" ec="6" bec="0" bev="0" fileid="824" />
                <SequencePoint vc="0" uspid="269750" ordinal="0" offset="70" sl="386" sc="35" el="386" ec="35" bec="0" bev="0" fileid="824" />
                <SequencePoint vc="0" uspid="269751" ordinal="0" offset="71" sl="389" sc="7" el="389" ec="7" bec="0" bev="0" fileid="824" />
                <SequencePoint vc="0" uspid="269752" ordinal="0" offset="78" sl="390" sc="7" el="390" ec="7" bec="0" bev="0" fileid="824" />
                <SequencePoint vc="0" uspid="269753" ordinal="0" offset="94" sl="390" sc="35" el="390" ec="35" bec="0" bev="0" fileid="824" />
                <SequencePoint vc="0" uspid="269754" ordinal="0" offset="95" sl="391" sc="8" el="391" ec="8" bec="0" bev="0" fileid="824" />
                <SequencePoint vc="0" uspid="269755" ordinal="0" offset="106" sl="392" sc="8" el="392" ec="8" bec="0" bev="0" fileid="824" />
                <SequencePoint vc="0" uspid="269756" ordinal="0" offset="139" sl="392" sc="90" el="392" ec="90" bec="0" bev="0" fileid="824" />
                <SequencePoint vc="0" uspid="269757" ordinal="0" offset="140" sl="398" sc="9" el="398" ec="9" bec="0" bev="0" fileid="824" />
                <SequencePoint vc="0" uspid="269758" ordinal="0" offset="172" sl="398" sc="108" el="398" ec="108" bec="0" bev="0" fileid="824" />
                <SequencePoint vc="0" uspid="269759" ordinal="0" offset="173" sl="399" sc="10" el="399" ec="10" bec="0" bev="0" fileid="824" />
                <SequencePoint vc="0" uspid="269760" ordinal="0" offset="180" sl="399" sc="31" el="399" ec="31" bec="0" bev="0" fileid="824" />
                <SequencePoint vc="0" uspid="269761" ordinal="0" offset="181" sl="400" sc="11" el="400" ec="11" bec="0" bev="0" fileid="824" />
                <SequencePoint vc="0" uspid="269762" ordinal="0" offset="189" sl="401" sc="11" el="401" ec="11" bec="0" bev="0" fileid="824" />
                <SequencePoint vc="0" uspid="269763" ordinal="0" offset="202" sl="402" sc="12" el="402" ec="12" bec="0" bev="0" fileid="824" />
                <SequencePoint vc="0" uspid="269764" ordinal="0" offset="215" sl="404" sc="10" el="404" ec="10" bec="0" bev="0" fileid="824" />
                <SequencePoint vc="0" uspid="269765" ordinal="0" offset="218" sl="404" sc="17" el="404" ec="17" bec="0" bev="0" fileid="824" />
                <SequencePoint vc="0" uspid="269766" ordinal="0" offset="225" sl="404" sc="34" el="404" ec="34" bec="0" bev="0" fileid="824" />
                <SequencePoint vc="0" uspid="269767" ordinal="0" offset="226" sl="405" sc="11" el="405" ec="11" bec="0" bev="0" fileid="824" />
                <SequencePoint vc="0" uspid="269768" ordinal="0" offset="243" sl="406" sc="11" el="406" ec="11" bec="0" bev="0" fileid="824" />
                <SequencePoint vc="0" uspid="269769" ordinal="0" offset="265" sl="408" sc="11" el="408" ec="11" bec="0" bev="0" fileid="824" />
                <SequencePoint vc="0" uspid="269770" ordinal="0" offset="278" sl="409" sc="12" el="409" ec="12" bec="0" bev="0" fileid="824" />
                <SequencePoint vc="0" uspid="269771" ordinal="0" offset="281" sl="410" sc="11" el="410" ec="11" bec="0" bev="0" fileid="824" />
                <SequencePoint vc="0" uspid="269772" ordinal="0" offset="296" sl="411" sc="11" el="411" ec="11" bec="0" bev="0" fileid="824" />
                <SequencePoint vc="0" uspid="269773" ordinal="0" offset="302" sl="412" sc="11" el="412" ec="11" bec="0" bev="0" fileid="824" />
                <SequencePoint vc="0" uspid="269774" ordinal="0" offset="309" sl="413" sc="11" el="413" ec="11" bec="0" bev="0" fileid="824" />
                <SequencePoint vc="0" uspid="269775" ordinal="0" offset="311" sl="415" sc="9" el="415" ec="9" bec="0" bev="0" fileid="824" />
                <SequencePoint vc="0" uspid="269776" ordinal="0" offset="312" sl="416" sc="8" el="416" ec="8" bec="0" bev="0" fileid="824" />
                <SequencePoint vc="0" uspid="269777" ordinal="0" offset="313" sl="417" sc="7" el="417" ec="7" bec="0" bev="0" fileid="824" />
                <SequencePoint vc="0" uspid="269778" ordinal="0" offset="314" sl="418" sc="6" el="418" ec="6" bec="0" bev="0" fileid="824" />
                <SequencePoint vc="0" uspid="269779" ordinal="0" offset="315" sl="419" sc="5" el="419" ec="5" bec="0" bev="0" fileid="824" />
                <SequencePoint vc="8" uspid="269780" ordinal="0" offset="316" sl="420" sc="4" el="420" ec="4" bec="0" bev="0" fileid="824" />
              </SequencePoints>
              <BranchPoints />
            </Method>
          </Methods>
        </Class>
      </Classes>
    </Module>
  </Modules>
</CoverageSession>